<?xml version="1.0" encoding="UTF-8"?>
<testsuite xmlns:xsi="http://www.w3.org/2001/XMLSchema-instance" xsi:noNamespaceSchemaLocation="https://maven.apache.org/surefire/maven-surefire-plugin/xsd/surefire-test-report-3.0.xsd" version="3.0" name="unit.Facade.FacadeUnitTest" time="0.214" tests="34" errors="0" skipped="0" failures="0">
  <properties>
[...]
</properties>
  <testcase name="testAgregarItem" classname="unit.Facade.FacadeUnitTest" time="0.002"/>
  <testcase name="testCrearResultado" classname="unit.Facade.FacadeUnitTest" time="0.002"/>
  <testcase name="testRegistrarVenta" classname="unit.Facade.FacadeUnitTest" time="0.007">
    <system-out><![CDATA[Registrando venta en reportes: FAC-001 - Monto: $100.0
]]></system-out>
  </testcase>
  <testcase name="testCalcularPuntosConDecimales" classname="unit.Facade.FacadeUnitTest" time="0.005"/>
  <testcase name="testDescontarStock" classname="unit.Facade.FacadeUnitTest" time="0.005">
    <system-out><![CDATA[Descontando 5 unidades del inventario: P001
]]></system-out>
  </testcase>
  <testcase name="testAcreditarPuntos" classname="unit.Facade.FacadeUnitTest" time="0.009">
    <system-out><![CDATA[Acreditando 50 puntos al cliente: CLI001
]]></system-out>
  </testcase>
  <testcase name="testValidarDisponibilidadStockSuficiente" classname="unit.Facade.FacadeUnitTest" time="0.008">
    <system-out><![CDATA[Validando stock para producto: P001
]]></system-out>
  </testcase>
  <testcase name="testLiberarStock" classname="unit.Facade.FacadeUnitTest" time="0.008">
    <system-out><![CDATA[Liberando 10 unidades del producto: P001
]]></system-out>
  </testcase>
  <testcase name="testReservarStock" classname="unit.Facade.FacadeUnitTest" time="0.006">
    <system-out><![CDATA[Reservando 10 unidades del producto: P001
]]></system-out>
  </testcase>
  <testcase name="testNotificarVenta" classname="unit.Facade.FacadeUnitTest" time="0.003">
    <system-out><![CDATA[Notificando venta al cliente CLI001 - Factura: FAC-001
]]></system-out>
  </testcase>
  <testcase name="testGenerarPDF" classname="unit.Facade.FacadeUnitTest" time="0.005">
    <system-out><![CDATA[Generando PDF de factura: FAC-001
]]></system-out>
  </testcase>
  <testcase name="testProcesarPagoExitoso" classname="unit.Facade.FacadeUnitTest" time="0.003">
    <system-out><![CDATA[Procesando pago de $100.0 con método: TARJETA
]]></system-out>
  </testcase>
  <testcase name="testCalcularPuntos" classname="unit.Facade.FacadeUnitTest" time="0.002"/>
  <testcase name="testRegistrarMovimiento" classname="unit.Facade.FacadeUnitTest" time="0.005">
    <system-out><![CDATA[Registrando movimiento: VENTA - Producto: P001 - Cantidad: 5
]]></system-out>
  </testcase>
  <testcase name="testCalcularSubtotalItem" classname="unit.Facade.FacadeUnitTest" time="0.002"/>
  <testcase name="testCalcularSubtotal" classname="unit.Facade.FacadeUnitTest" time="0.001"/>
  <testcase name="testEnviarFacturaElectronica" classname="unit.Facade.FacadeUnitTest" time="0.001">
    <system-out><![CDATA[Enviando factura FAC-001 a: test@example.com
]]></system-out>
  </testcase>
  <testcase name="testValidarDisponibilidadStockInsuficiente" classname="unit.Facade.FacadeUnitTest" time="0.001">
    <system-out><![CDATA[Validando stock para producto: P001
]]></system-out>
  </testcase>
  <testcase name="testGenerarComprobante" classname="unit.Facade.FacadeUnitTest" time="0.002"/>
  <testcase name="testGenerarFactura" classname="unit.Facade.FacadeUnitTest" time="0.002">
    <system-out><![CDATA[Generando factura para cliente: Juan Pérez
]]></system-out>
  </testcase>
  <testcase name="testProcesarPagoMontoCero" classname="unit.Facade.FacadeUnitTest" time="0.001">
    <system-out><![CDATA[Procesando pago de $0.0 con método: EFECTIVO
]]></system-out>
  </testcase>
  <testcase name="testVerificarStockMinimo" classname="unit.Facade.FacadeUnitTest" time="0.002">
    <system-out><![CDATA[Verificando stock mínimo para: P001
]]></system-out>
  </testcase>
  <testcase name="testAgregarMultiplesItems" classname="unit.Facade.FacadeUnitTest" time="0.002"/>
  <testcase name="testCalcularTotal" classname="unit.Facade.FacadeUnitTest" time="0.001"/>
  <testcase name="testCrearItem" classname="unit.Facade.FacadeUnitTest" time="0.009"/>
  <testcase name="testCalcularImpuestos" classname="unit.Facade.FacadeUnitTest" time="0.001"/>
  <testcase name="testEnviarEmail" classname="unit.Facade.FacadeUnitTest" time="0.003">
    <system-out><![CDATA[Enviando email a test@example.com - Asunto: Prueba
]]></system-out>
  </testcase>
  <testcase name="testActualizarEstadisticas" classname="unit.Facade.FacadeUnitTest" time="0.004">
    <system-out><![CDATA[Actualizando estadísticas de sucursal: SUC-001
]]></system-out>
  </testcase>
  <testcase name="testSetearValores" classname="unit.Facade.FacadeUnitTest" time="0.003"/>
  <testcase name="testConsultarPuntos" classname="unit.Facade.FacadeUnitTest" time="0.006"/>
  <testcase name="testEnviarSMS" classname="unit.Facade.FacadeUnitTest" time="0.004">
    <system-out><![CDATA[Enviando SMS a 123456789: Mensaje SMS
]]></system-out>
  </testcase>
  <testcase name="testGenerarReporteVentas" classname="unit.Facade.FacadeUnitTest" time="0.002"/>
  <testcase name="testCrearVentaVacia" classname="unit.Facade.FacadeUnitTest" time="0.007"/>
  <testcase name="testRevertirPago" classname="unit.Facade.FacadeUnitTest" time="0.006">
    <system-out><![CDATA[Revirtiendo pago: COMPROBANTE-12345
]]></system-out>
  </testcase>
</testsuite>