<?xml version="1.0" encoding="UTF-8"?>
<testsuite xmlns:xsi="http://www.w3.org/2001/XMLSchema-instance" xsi:noNamespaceSchemaLocation="https://maven.apache.org/surefire/maven-surefire-plugin/xsd/surefire-test-report-3.0.xsd" version="3.0" name="e2e.TemplateMethod.TemplateMethodE2ETest" time="2.095" tests="7" errors="0" skipped="0" failures="0">
  <properties>
[...]
</properties>
  <testcase name="testClientePagaEnEfectivo" classname="e2e.TemplateMethod.TemplateMethodE2ETest" time="0.004">
    <system-out><![CDATA[
=== ESCENARIO E2E: PAGO EN EFECTIVO ===

Cliente realiza compra en supermercado:
- Leche: $5,000
- Pan: $3,000
- Huevos: $7,000

Total a pagar: $15000

Cliente decide pagar en efectivo...

══════════════════════════════════════════════════
Iniciando transacción...
Validando pago en efectivo...
Verificando billetes y monedas...
Monto recibido: $15000.0
Procesando pago en efectivo...
Abriendo caja registradora...
Guardando dinero...
Calculando cambio...
Generando comprobante de pago en efectivo...
Imprimiendo factura física...
Transacción finalizada con éxito.
Verificando autenticidad de billetes...
Detector de billetes falsos: OK

══════════════════════════════════════════════════
✓ Pago en efectivo completado exitosamente
]]></system-out>
  </testcase>
  <testcase name="testClientePagaConTarjetaCredito" classname="e2e.TemplateMethod.TemplateMethodE2ETest" time="0.001">
    <system-out><![CDATA[
=== ESCENARIO E2E: PAGO CON TARJETA DE CRÉDITO ===

Cliente realiza compra grande:
- Televisor: $1,200,000
- Soporte: $50,000

Total a pagar: $1250000

Cliente paga con tarjeta de crédito...

══════════════════════════════════════════════════
Iniciando transacción...
Validando pago con tarjeta...
Tipo de cuenta: CREDITO
Verificando saldo disponible...
Monto a cobrar: $1250000.0
Procesando pago con tarjeta...
Conectando con banco...
Solicitando autorización...
Aprobando transacción...
Débito realizado exitosamente.
Generando comprobante de pago con tarjeta...
Imprimiendo voucher para firma...
Generando comprobante digital...
Transacción finalizada con éxito.
Validación adicional de seguridad...
Verificando código PIN...
Validación 3D Secure: OK

══════════════════════════════════════════════════
✓ Pago con tarjeta de crédito completado
]]></system-out>
  </testcase>
  <testcase name="testDiaCompletoVentas" classname="e2e.TemplateMethod.TemplateMethodE2ETest" time="2.052">
    <system-out><![CDATA[
=== ESCENARIO E2E: DÍA COMPLETO DE VENTAS ===

Simulando un día típico en el supermercado...

──────────────────────────────────────────────────
8:00 AM - VENTA #1 (Efectivo)
──────────────────────────────────────────────────
Monto: $25000
Iniciando transacción...
Validando pago en efectivo...
Verificando billetes y monedas...
Monto recibido: $25000.0
Procesando pago en efectivo...
Abriendo caja registradora...
Guardando dinero...
Calculando cambio...
Generando comprobante de pago en efectivo...
Imprimiendo factura física...
Transacción finalizada con éxito.
Verificando autenticidad de billetes...
Detector de billetes falsos: OK


──────────────────────────────────────────────────
12:00 PM - VENTA #2 (Tarjeta Crédito)
──────────────────────────────────────────────────
Monto: $150000
Iniciando transacción...
Validando pago con tarjeta...
Tipo de cuenta: CREDITO
Verificando saldo disponible...
Monto a cobrar: $150000.0
Procesando pago con tarjeta...
Conectando con banco...
Solicitando autorización...
Aprobando transacción...
Débito realizado exitosamente.
Generando comprobante de pago con tarjeta...
Imprimiendo voucher para firma...
Generando comprobante digital...
Transacción finalizada con éxito.
Validación adicional de seguridad...
Verificando código PIN...
Validación 3D Secure: OK


──────────────────────────────────────────────────
3:00 PM - VENTA #3 (Tarjeta Débito)
──────────────────────────────────────────────────
Monto: $75000
Iniciando transacción...
Validando pago con tarjeta...
Tipo de cuenta: DEBITO
Verificando saldo disponible...
Monto a cobrar: $75000.0
Procesando pago con tarjeta...
Conectando con banco...
Solicitando autorización...
Aprobando transacción...
Débito realizado exitosamente.
Generando comprobante de pago con tarjeta...
Imprimiendo voucher para firma...
Generando comprobante digital...
Transacción finalizada con éxito.
Validación adicional de seguridad...
Verificando código PIN...
Validación 3D Secure: OK


──────────────────────────────────────────────────
5:00 PM - VENTA #4 (Efectivo)
──────────────────────────────────────────────────
Monto: $40000
Iniciando transacción...
Validando pago en efectivo...
Verificando billetes y monedas...
Monto recibido: $40000.0
Procesando pago en efectivo...
Abriendo caja registradora...
Guardando dinero...
Calculando cambio...
Generando comprobante de pago en efectivo...
Imprimiendo factura física...
Transacción finalizada con éxito.
Verificando autenticidad de billetes...
Detector de billetes falsos: OK


──────────────────────────────────────────────────
7:00 PM - VENTA #5 (Transferencia)
──────────────────────────────────────────────────
Monto: $200000
Iniciando transacción...
Validando pago por transferencia...
Banco: Davivienda
Verificando datos bancarios...
Monto a transferir: $200000.0
Procesando transferencia bancaria...
Generando código de referencia...
Esperando confirmación del banco...
Transferencia confirmada.
Generando comprobante de transferencia...
Número de referencia generado.
Enviando comprobante por email...
Transacción finalizada con éxito.


══════════════════════════════════════════════════
RESUMEN DEL DÍA
══════════════════════════════════════════════════
Total de ventas: 5
- Efectivo: 2 ventas ($65,000)
- Tarjeta Crédito: 1 venta ($150,000)
- Tarjeta Débito: 1 venta ($75,000)
- Transferencia: 1 venta ($200,000)
TOTAL RECAUDADO: $490000
══════════════════════════════════════════════════

✓ Día de ventas completado exitosamente
]]></system-out>
  </testcase>
  <testcase name="testClienteIntentaDiferentesMetodos" classname="e2e.TemplateMethod.TemplateMethodE2ETest" time="0.005">
    <system-out><![CDATA[
=== ESCENARIO E2E: CLIENTE COMPARA MÉTODOS ===

Total de la compra: $120000

Cliente revisa las opciones de pago disponibles:

══════════════════════════════════════════════════
OPCIÓN 1: EFECTIVO
══════════════════════════════════════════════════
✓ Pago inmediato
✓ No requiere saldo en cuenta
✗ Debe contar efectivo

══════════════════════════════════════════════════
OPCIÓN 2: TARJETA DE CRÉDITO
══════════════════════════════════════════════════
✓ Pago diferido
✓ Acumula puntos
✗ Requiere aprobación bancaria

══════════════════════════════════════════════════
OPCIÓN 3: TRANSFERENCIA BANCARIA
══════════════════════════════════════════════════
✓ Sin límite de monto
✓ Comprobante digital
✗ Requiere confirmación

══════════════════════════════════════════════════
Cliente elige pagar con tarjeta de crédito
══════════════════════════════════════════════════

✓ Cliente tomó decisión informada
]]></system-out>
  </testcase>
  <testcase name="testFlujoCompletoConValidaciones" classname="e2e.TemplateMethod.TemplateMethodE2ETest" time="0.002">
    <system-out><![CDATA[
=== ESCENARIO E2E: FLUJO CON VALIDACIONES ===

Compra de alto valor: $3000000

Por seguridad, se requieren validaciones adicionales

══════════════════════════════════════════════════
Procesando con tarjeta (validaciones de seguridad)
══════════════════════════════════════════════════
Iniciando transacción...
Validando pago con tarjeta...
Tipo de cuenta: CREDITO
Verificando saldo disponible...
Monto a cobrar: $3000000.0
Procesando pago con tarjeta...
Conectando con banco...
Solicitando autorización...
Aprobando transacción...
Débito realizado exitosamente.
Generando comprobante de pago con tarjeta...
Imprimiendo voucher para firma...
Generando comprobante digital...
Transacción finalizada con éxito.
Validación adicional de seguridad...
Verificando código PIN...
Validación 3D Secure: OK

══════════════════════════════════════════════════
✓ Todas las validaciones de seguridad aprobadas
✓ Compra de alto valor procesada correctamente
══════════════════════════════════════════════════
]]></system-out>
  </testcase>
  <testcase name="testClientePagaPorTransferencia" classname="e2e.TemplateMethod.TemplateMethodE2ETest" time="0.011">
    <system-out><![CDATA[
=== ESCENARIO E2E: PAGO POR TRANSFERENCIA ===

Cliente empresarial realiza compra al por mayor:
Total: $5000000
Banco: Bancolombia

Procesando transferencia bancaria...

══════════════════════════════════════════════════
Iniciando transacción...
Validando pago por transferencia...
Banco: Bancolombia
Verificando datos bancarios...
Monto a transferir: $5000000.0
Procesando transferencia bancaria...
Generando código de referencia...
Esperando confirmación del banco...
Transferencia confirmada.
Generando comprobante de transferencia...
Número de referencia generado.
Enviando comprobante por email...
Transacción finalizada con éxito.

══════════════════════════════════════════════════
✓ Transferencia bancaria completada
]]></system-out>
  </testcase>
  <testcase name="testClientePagaConTarjetaDebito" classname="e2e.TemplateMethod.TemplateMethodE2ETest" time="0.004">
    <system-out><![CDATA[
=== ESCENARIO E2E: PAGO CON TARJETA DÉBITO ===

Compra del mercado semanal:
Total: $85000

Procesando pago con tarjeta débito...

══════════════════════════════════════════════════
Iniciando transacción...
Validando pago con tarjeta...
Tipo de cuenta: DEBITO
Verificando saldo disponible...
Monto a cobrar: $85000.0
Procesando pago con tarjeta...
Conectando con banco...
Solicitando autorización...
Aprobando transacción...
Débito realizado exitosamente.
Generando comprobante de pago con tarjeta...
Imprimiendo voucher para firma...
Generando comprobante digital...
Transacción finalizada con éxito.
Validación adicional de seguridad...
Verificando código PIN...
Validación 3D Secure: OK

══════════════════════════════════════════════════
✓ Pago con débito procesado correctamente
]]></system-out>
  </testcase>
</testsuite>