<?xml version="1.0" encoding="UTF-8"?>
<testsuite xmlns:xsi="http://www.w3.org/2001/XMLSchema-instance" xsi:noNamespaceSchemaLocation="https://maven.apache.org/surefire/maven-surefire-plugin/xsd/surefire-test-report-3.0.xsd" version="3.0" name="e2e.Adapter.AdapterE2ETest" time="0.364" tests="10" errors="0" skipped="0" failures="0">
  <properties>
[...]
</properties>
  <testcase name="testConsultaInventarioUnificado" classname="e2e.Adapter.AdapterE2ETest" time="0.059">
    <system-out><![CDATA[
=== CONSULTA DE INVENTARIO UNIFICADO ===

PRODUCTOS INTERNOS:
  Producto[P005, Huevos x30, $12000,00, Stock: 40]
  Producto[P004, Pan Tajado, $4500,00, Stock: 60]
  Producto[P001, Arroz Diana 1kg, $3500,00, Stock: 100]
  Producto[P003, Leche Alpina 1L, $3800,00, Stock: 80]
  Producto[P002, Aceite Gourmet 1L, $8500,00, Stock: 50]

PRODUCTOS EXTERNOS (ADAPTADOS):
  Producto[EXT-005, Premium Coffee 500g, $18000,00, Stock: 100]
  Producto[EXT-004, Sliced Bread, $4000,00, Stock: 150]
  Producto[EXT-001, Rice Premium 1kg, $3200,00, Stock: 500]
  Producto[EXT-003, Fresh Milk 1L, $3500,00, Stock: 300]
  Producto[EXT-002, Olive Oil 1L, $25000,00, Stock: 200]

Total de productos disponibles: 10
]]></system-out>
  </testcase>
  <testcase name="testProcesoCompraMultiplesFuentes" classname="e2e.Adapter.AdapterE2ETest" time="0.072">
    <system-out><![CDATA[
=== VERIFICACIÓN DE DISPONIBILIDAD ===

P001 [INTERNO]: 5 unidades -> ✓ DISPONIBLE
P002 [INTERNO]: 3 unidades -> ✓ DISPONIBLE
EXT-001 [EXTERNO]: 10 unidades -> ✓ DISPONIBLE
EXT-002 [EXTERNO]: 15 unidades -> ✓ DISPONIBLE
]]></system-out>
  </testcase>
  <testcase name="testActualizacionMasivaInventario" classname="e2e.Adapter.AdapterE2ETest" time="0.017">
    <system-out><![CDATA[
=== ACTUALIZACIÓN MASIVA DE INVENTARIO ===

✓ P001 actualizado a 150 unidades
✓ P002 actualizado a 75 unidades
✓ EXT-001 actualizado a 600 unidades
✓ EXT-002 actualizado a 350 unidades
]]></system-out>
  </testcase>
  <testcase name="testGestionPorProveedor" classname="e2e.Adapter.AdapterE2ETest" time="0.014">
    <system-out><![CDATA[
=== GESTIÓN POR PROVEEDOR ===


Proveedor SUP-A: 2 productos
  - Producto[EXT-001, Rice Premium 1kg, $3200,00, Stock: 500]
  - Producto[EXT-003, Fresh Milk 1L, $3500,00, Stock: 300]

Proveedor SUP-B: 2 productos
  - Producto[EXT-005, Premium Coffee 500g, $18000,00, Stock: 100]
  - Producto[EXT-002, Olive Oil 1L, $25000,00, Stock: 200]

Proveedor SUP-C: 1 productos
  - Producto[EXT-004, Sliced Bread, $4000,00, Stock: 150]
]]></system-out>
  </testcase>
  <testcase name="testExpansionCatalogo" classname="e2e.Adapter.AdapterE2ETest" time="0.012">
    <system-out><![CDATA[
=== EXPANSIÓN DE CATÁLOGO ===

✓ Producto interno agregado: Producto[P-NEW-001, Chocolate Premium, $8500,00, Stock: 80]
✓ Producto externo agregado: Producto[EXT-NEW-001, Imported Tea, $12000,00, Stock: 120]
]]></system-out>
  </testcase>
  <testcase name="testReporteConsolidado" classname="e2e.Adapter.AdapterE2ETest" time="0.028">
    <system-out><![CDATA[
=== REPORTE CONSOLIDADO DE INVENTARIO ===

ESTADÍSTICAS:
  Productos internos: 5
  Productos externos: 5
  Total productos: 10
  Valor total inventario: $11879000,00

PRODUCTOS POR CATEGORÍA:
  BEBIDAS: 1 productos
  GRANJA: 1 productos
  ALIMENTOS: 4 productos
  LACTEOS: 2 productos
  PANADERIA: 2 productos
]]></system-out>
  </testcase>
  <testcase name="testPedidoGrandeMultiFuente" classname="e2e.Adapter.AdapterE2ETest" time="0.029">
    <system-out><![CDATA[
=== PEDIDO GRANDE MULTI-FUENTE ===

PROCESANDO PEDIDO:
✓ P001 x20 - $70000,00
✓ P002 x15 - $127500,00
✓ P003 x25 - $95000,00
✓ EXT-001 x50 - $160000,00
✓ EXT-002 x30 - $750000,00
✓ EXT-003 x40 - $140000,00

RESUMEN:
Items aprobados: 6
Items rechazados: 0
Costo total: $1342500,00
]]></system-out>
  </testcase>
  <testcase name="testMigracionProductos" classname="e2e.Adapter.AdapterE2ETest" time="0.005">
    <system-out><![CDATA[
=== MIGRACIÓN DE PRODUCTOS ===

Producto original (interno): Producto[P001, Arroz Diana 1kg, $3500,00, Stock: 100]
✓ Producto migrado a sistema externo: Producto[EXT-MIG-001, Arroz Diana 1kg (Migrado), $3500,00, Stock: 100]
]]></system-out>
  </testcase>
  <testcase name="testBusquedaInteligente" classname="e2e.Adapter.AdapterE2ETest" time="0.034">
    <system-out><![CDATA[
=== BÚSQUEDA INTELIGENTE ===


Buscando: Arroz
  Internos: 1
    - Producto[P001, Arroz Diana 1kg, $3500,00, Stock: 100]
  Externos: 0

Buscando: Rice
  Internos: 0
  Externos: 1
    - Producto[EXT-001, Rice Premium 1kg, $3200,00, Stock: 500]

Buscando: Leche
  Internos: 1
    - Producto[P003, Leche Alpina 1L, $3800,00, Stock: 80]
  Externos: 0

Buscando: Milk
  Internos: 0
  Externos: 1
    - Producto[EXT-003, Fresh Milk 1L, $3500,00, Stock: 300]

Buscando: Aceite
  Internos: 1
    - Producto[P002, Aceite Gourmet 1L, $8500,00, Stock: 50]
  Externos: 0

Buscando: Oil
  Internos: 0
  Externos: 1
    - Producto[EXT-002, Olive Oil 1L, $25000,00, Stock: 200]
]]></system-out>
  </testcase>
  <testcase name="testEscenarioCompletoDiario" classname="e2e.Adapter.AdapterE2ETest" time="0.034">
    <system-out><![CDATA[
=== OPERACIÓN DIARIA COMPLETA ===

1. APERTURA - Revisar inventario
   Productos disponibles: 10 (Internos: 5, Externos: 5)

2. MAÑANA - Recepción de mercancía externa
   ✓ Producto recibido: New Morning Product

3. MEDIODÍA - Ventas
   Venta 1 (P001 x10): ✓ APROBADA
   Venta 2 (EXT-001 x20): ✓ APROBADA

4. TARDE - Reabastecimiento
   ✓ Stocks actualizados

5. CIERRE - Reporte final
   Total productos: 11
   Valor inventario: $14054000,00

=== FIN DE OPERACIÓN DIARIA ===
]]></system-out>
  </testcase>
</testsuite>