<?xml version="1.0" encoding="UTF-8"?>
<testsuite xmlns:xsi="http://www.w3.org/2001/XMLSchema-instance" xsi:noNamespaceSchemaLocation="https://maven.apache.org/surefire/maven-surefire-plugin/xsd/surefire-test-report-3.0.xsd" version="3.0" name="e2e.Command.CommandE2ETest" time="4.095" tests="8" errors="0" skipped="0" failures="0">
  <properties>
[...]
</properties>
  <testcase name="testFlujoCompletoConMultiplesCambios" classname="e2e.Command.CommandE2ETest" time="4.055">
    <system-out><![CDATA[
=== ESCENARIO E2E: FLUJO COMPLETO DE COMPRA ===

══════════════════════════════════════════════════
PASO 1: Cliente agrega productos iniciales
══════════════════════════════════════════════════
✓ Producto agregado al carrito
✓ Producto agregado al carrito
Carrito: Leche (2), Pan (1)
Total: $9500,00

═
═
═
═
═
═
═
═
═
═
═
═
═
═
═
═
═
═
═
═
═
═
═
═
═
═
═
═
═
═
═
═
═
═
═
═
═
═
═
═
═
═
═
═
═
═
═
═
═
═
PASO 2: Cliente agrega más productos
══════════════════════════════════════════════════
✓ Producto agregado al carrito
✓ Producto agregado al carrito
Agregados: Huevos (1), Arroz (2)
Total: $25500,00

═
═
═
═
═
═
═
═
═
═
═
═
═
═
═
═
═
═
═
═
═
═
═
═
═
═
═
═
═
═
═
═
═
═
═
═
═
═
═
═
═
═
═
═
═
═
═
═
═
═
PASO 3: Cliente aplica cupón de descuento
══════════════════════════════════════════════════
✓ Descuento del 15,00% aplicado
Cupón del 15% aplicado
Total con descuento: $21675,00

═
═
═
═
═
═
═
═
═
═
═
═
═
═
═
═
═
═
═
═
═
═
═
═
═
═
═
═
═
═
═
═
═
═
═
═
═
═
═
═
═
═
═
═
═
═
═
═
═
═
PASO 4: Cliente decide quitar el arroz
══════════════════════════════════════════════════
✓ Producto eliminado del carrito
Arroz eliminado
Nuevo total: $14875,00

═
═
═
═
═
═
═
═
═
═
═
═
═
═
═
═
═
═
═
═
═
═
═
═
═
═
═
═
═
═
═
═
═
═
═
═
═
═
═
═
═
═
═
═
═
═
═
═
═
═
PASO 5: Cliente se arrepiente (Undo)
══════════════════════════════════════════════════
✓ Operación deshecha
Arroz de vuelta en el carrito
Total restaurado: $21675,00

═
═
═
═
═
═
═
═
═
═
═
═
═
═
═
═
═
═
═
═
═
═
═
═
═
═
═
═
═
═
═
═
═
═
═
═
═
═
═
═
═
═
═
═
═
═
═
═
═
═
HISTORIAL DE OPERACIONES
══════════════════════════════════════════════════
1. Agregar 2 x Leche Entera 1L al carrito
2. Agregar 1 x Pan Integral al carrito
3. Agregar 1 x Huevos x12 al carrito
4. Agregar 2 x Arroz 1kg al carrito
5. Aplicar descuento del 15,00%

═
═
═
═
═
═
═
═
═
═
═
═
═
═
═
═
═
═
═
═
═
═
═
═
═
═
═
═
═
═
═
═
═
═
═
═
═
═
═
═
═
═
═
═
═
═
═
═
═
═
RESUMEN FINAL
══════════════════════════════════════════════════
Productos en carrito: 4
Subtotal: $25500,00
Descuento (15%): -$3825,00
TOTAL A PAGAR: $21675,00
══════════════════════════════════════════════════

✓ Flujo completo de compra finalizado exitosamente
]]></system-out>
  </testcase>
  <testcase name="testClienteRealizaCompraSimple" classname="e2e.Command.CommandE2ETest" time="0.004">
    <system-out><![CDATA[
=== ESCENARIO E2E: COMPRA SIMPLE ===

Cliente ingresa al supermercado...

Paso 1: Agregar productos al carrito
✓ Producto agregado al carrito
✓ Agregado: 2 x Leche
✓ Producto agregado al carrito
✓ Agregado: 1 x Pan
✓ Producto agregado al carrito
✓ Agregado: 1 x Huevos

Carrito actual:
Total: $17500,00

✓ Compra simple completada
]]></system-out>
  </testcase>
  <testcase name="testClienteCambiaOpinionUndo" classname="e2e.Command.CommandE2ETest" time="0.003">
    <system-out><![CDATA[
=== ESCENARIO E2E: CLIENTE USA UNDO ===

Cliente agrega productos al carrito:
✓ Producto agregado al carrito
✓ Agregado: 2 x Leche ($7,000)
✓ Producto agregado al carrito
✓ Agregado: 3 x Pan ($7,500)
✓ Producto agregado al carrito
✓ Agregado: 2 x Huevos ($16,000)

Total: $30500,00

¡Cliente se arrepiente de los huevos!
Presiona DESHACER (Ctrl+Z)...
✓ Operación deshecha
Nuevo total: $14500,00

✓ Operación deshecha exitosamente
]]></system-out>
  </testcase>
  <testcase name="testClienteModificaCantidades" classname="e2e.Command.CommandE2ETest" time="0.001">
    <system-out><![CDATA[
=== ESCENARIO E2E: MODIFICAR CANTIDADES ===

Cliente agrega 1 leche al carrito
✓ Producto agregado al carrito
Total: $3500,00

Cliente agrega 2 leches más
✓ Producto agregado al carrito
Total: $10500,00 (3 leches)

Cliente cree que son muchas, deshace última acción
✓ Operación deshecha
Total: $3500,00 (1 leche)

Cliente cambia de opinión, rehace
✓ Operación rehecha
Total: $10500,00 (3 leches otra vez)

✓ Modificación de cantidades completada
]]></system-out>
  </testcase>
  <testcase name="testClienteVaciaYRestaurar" classname="e2e.Command.CommandE2ETest" time="0.007">
    <system-out><![CDATA[
=== ESCENARIO E2E: VACIAR Y RESTAURAR CARRITO ===

Cliente agrega varios productos:
✓ Producto agregado al carrito
✓ Producto agregado al carrito
✓ Producto agregado al carrito
✓ Producto agregado al carrito
Productos en carrito: 4
Total: $30500,00

Cliente decide vaciar todo el carrito...
✓ Carrito vaciado
✓ Carrito vaciado

¡Cliente se arrepiente! Presiona DESHACER...
✓ Operación deshecha
Productos restaurados: 4
Total restaurado: $30500,00

✓ Carrito completamente restaurado
]]></system-out>
  </testcase>
  <testcase name="testClienteAplicaYQuitaCupon" classname="e2e.Command.CommandE2ETest" time="0.003">
    <system-out><![CDATA[
=== ESCENARIO E2E: CUPÓN DE DESCUENTO ===

Cliente agrega productos:
✓ Producto agregado al carrito
✓ Producto agregado al carrito
✓ Producto agregado al carrito
Total sin descuento: $26500,00

Cliente aplica cupón del 20% de descuento...
✓ Descuento del 20,00% aplicado
Descuento: -$5300,00 (20%)
Total con descuento: $21200,00

Cliente se arrepiente y quita el cupón (Undo)...
✓ Operación deshecha
Total sin cupón: $26500,00

✓ Gestión de cupones con Undo completada
]]></system-out>
  </testcase>
  <testcase name="testEscenarioIndecisionExtrema" classname="e2e.Command.CommandE2ETest" time="0.003">
    <system-out><![CDATA[
=== ESCENARIO E2E: CLIENTE INDECISO ===

Cliente muy indeciso haciendo compras...

1. Agrega leche
✓ Producto agregado al carrito
2. Agrega pan
✓ Producto agregado al carrito
3. Agrega huevos
✓ Producto agregado al carrito

Total: $17500,00

¡Se arrepiente de TODO!
Deshace... deshace... deshace...
✓ Operación deshecha
✓ Operación deshecha
✓ Operación deshecha
Carrito vacío

¡Espera! Sí quiere todo!
Rehace... rehace... rehace...
✓ Operación rehecha
✓ Operación rehecha
✓ Operación rehecha

Total final: $17500,00

✓ Cliente finalmente decidió
✓ Sistema manejó perfectamente la indecisión
]]></system-out>
  </testcase>
  <testcase name="testClienteUsaUndoYRedo" classname="e2e.Command.CommandE2ETest" time="0.003">
    <system-out><![CDATA[
=== ESCENARIO E2E: CLIENTE USA UNDO Y REDO ===

Paso 1: Cliente agrega productos
✓ Producto agregado al carrito
✓ Producto agregado al carrito
✓ Carrito: Leche (2), Pan (1)
Total: $9500,00

Paso 2: Cliente deshace última acción (quita pan)
✓ Operación deshecha
✓ Pan eliminado del carrito
Nuevo total: $7000,00

Paso 3: Cliente se arrepiente y rehace (vuelve el pan)
✓ Operación rehecha
✓ Pan de vuelta en el carrito
Total final: $9500,00

✓ Undo/Redo funcionando perfectamente
]]></system-out>
  </testcase>
</testsuite>