<?xml version="1.0" encoding="UTF-8"?>
<testsuite xmlns:xsi="http://www.w3.org/2001/XMLSchema-instance" xsi:noNamespaceSchemaLocation="https://maven.apache.org/surefire/maven-surefire-plugin/xsd/surefire-test-report-3.0.xsd" version="3.0" name="Integration.CoR.ChainOfResponsibilityIntegrationTest" time="0.321" tests="13" errors="0" skipped="0" failures="0">
  <properties>
[...]
</properties>
  <testcase name="testCadenaSaltaManejadores" classname="Integration.CoR.ChainOfResponsibilityIntegrationTest" time="0.012">
    <system-out><![CDATA[
═══ PROCESANDO SOLICITUD DE DESCUENTO ═══
Cliente: CLI-001
Monto: $150000,00
Cantidad: 5

Iniciando evaluación en la cadena...

→ Verificando cupón de descuento...
  ✗ No se proporcionó cupón
→ Verificando descuento por cliente frecuente...
  ✗ No califica (compras mínimas: 5)
→ Verificando descuento por monto...
  ✓ Descuento por monto aplicado: 10% (compra >= $100000)

═══ RESULTADO ═══
✓ Descuento por monto: 10% por compras sobre $100000
Descuento: $15000,00
]]></system-out>
  </testcase>
  <testcase name="testCompraGrandeSinCupon" classname="Integration.CoR.ChainOfResponsibilityIntegrationTest" time="0.019">
    <system-out><![CDATA[
═══ PROCESANDO SOLICITUD DE DESCUENTO ═══
Cliente: CLI-001
Monto: $500000,00
Cantidad: 3

Iniciando evaluación en la cadena...

→ Verificando cupón de descuento...
  ✗ No se proporcionó cupón
→ Verificando descuento por cliente frecuente...
  ✗ No califica (compras mínimas: 5)
→ Verificando descuento por monto...
  ✓ Descuento por monto aplicado: 10% (compra >= $100000)

═══ RESULTADO ═══
✓ Descuento por monto: 10% por compras sobre $100000
Descuento: $50000,00
]]></system-out>
  </testcase>
  <testcase name="testControllerCreaSolicitud" classname="Integration.CoR.ChainOfResponsibilityIntegrationTest" time="0.002"/>
  <testcase name="testCadenaEvaluaEnOrden" classname="Integration.CoR.ChainOfResponsibilityIntegrationTest" time="0.019">
    <system-out><![CDATA[
═══ PROCESANDO SOLICITUD DE DESCUENTO ═══
Cliente: CLI-001
Monto: $200000,00
Cantidad: 20

Iniciando evaluación en la cadena...

→ Verificando cupón de descuento...
  ✓ Cupón 'BLACKFRIDAY' aplicado: 50% de descuento

═══ RESULTADO ═══
✓ Cupón 'BLACKFRIDAY' aplicado: 50% de descuento
Descuento: $100000,00
]]></system-out>
  </testcase>
  <testcase name="testClienteFrecuenteSinCupon" classname="Integration.CoR.ChainOfResponsibilityIntegrationTest" time="0.034">
    <system-out><![CDATA[
═══ PROCESANDO SOLICITUD DE DESCUENTO ═══
Cliente: CLI-FRECUENTE
Monto: $80000,00
Cantidad: 3

Iniciando evaluación en la cadena...

→ Verificando cupón de descuento...
  ✗ No se proporcionó cupón
→ Verificando descuento por cliente frecuente...
  ✓ Descuento cliente frecuente aplicado: 15% (8 compras)

═══ RESULTADO ═══
✓ Descuento cliente frecuente: 15% por tener 8 compras
Descuento: $12000,00
]]></system-out>
  </testcase>
  <testcase name="testControllerConfiguraCadenaPersonalizada" classname="Integration.CoR.ChainOfResponsibilityIntegrationTest" time="0.009">
    <system-out><![CDATA[✓ Cadena de descuentos personalizada configurada
]]></system-out>
  </testcase>
  <testcase name="testClienteVIP" classname="Integration.CoR.ChainOfResponsibilityIntegrationTest" time="0.01">
    <system-out><![CDATA[
═══ PROCESANDO SOLICITUD DE DESCUENTO ═══
Cliente: CLI-VIP
Monto: $200000,00
Cantidad: 20

Iniciando evaluación en la cadena...

→ Verificando cupón de descuento...
  ✓ Cupón 'BLACKFRIDAY' aplicado: 50% de descuento

═══ RESULTADO ═══
✓ Cupón 'BLACKFRIDAY' aplicado: 50% de descuento
Descuento: $100000,00
]]></system-out>
  </testcase>
  <testcase name="testControllerProcesaSolicitud" classname="Integration.CoR.ChainOfResponsibilityIntegrationTest" time="0.017">
    <system-out><![CDATA[
═══ PROCESANDO SOLICITUD DE DESCUENTO ═══
Cliente: CLI-001
Monto: $150000,00
Cantidad: 5

Iniciando evaluación en la cadena...

→ Verificando cupón de descuento...
  ✗ No se proporcionó cupón
→ Verificando descuento por cliente frecuente...
  ✗ No califica (compras mínimas: 5)
→ Verificando descuento por monto...
  ✓ Descuento por monto aplicado: 10% (compra >= $100000)

═══ RESULTADO ═══
✓ Descuento por monto: 10% por compras sobre $100000
Descuento: $15000,00
]]></system-out>
  </testcase>
  <testcase name="testCadenaManejaConcurrentes" classname="Integration.CoR.ChainOfResponsibilityIntegrationTest" time="0.022">
    <system-out><![CDATA[
═══ PROCESANDO SOLICITUD DE DESCUENTO ═══
Cliente: CLI-0
Monto: $100000,00
Cantidad: 5

Iniciando evaluación en la cadena...

→ Verificando cupón de descuento...
  ✗ No se proporcionó cupón
→ Verificando descuento por cliente frecuente...
  ✗ No califica (compras mínimas: 5)
→ Verificando descuento por monto...
  ✓ Descuento por monto aplicado: 10% (compra >= $100000)

═══ RESULTADO ═══
✓ Descuento por monto: 10% por compras sobre $100000
Descuento: $10000,00

═══ PROCESANDO SOLICITUD DE DESCUENTO ═══
Cliente: CLI-1
Monto: $110000,00
Cantidad: 6

Iniciando evaluación en la cadena...

→ Verificando cupón de descuento...
  ✗ No se proporcionó cupón
→ Verificando descuento por cliente frecuente...
  ✗ No califica (compras mínimas: 5)
→ Verificando descuento por monto...
  ✓ Descuento por monto aplicado: 10% (compra >= $100000)

═══ RESULTADO ═══
✓ Descuento por monto: 10% por compras sobre $100000
Descuento: $11000,00

═══ PROCESANDO SOLICITUD DE DESCUENTO ═══
Cliente: CLI-2
Monto: $120000,00
Cantidad: 7

Iniciando evaluación en la cadena...

→ Verificando cupón de descuento...
  ✗ No se proporcionó cupón
→ Verificando descuento por cliente frecuente...
  ✗ No califica (compras mínimas: 5)
→ Verificando descuento por monto...
  ✓ Descuento por monto aplicado: 10% (compra >= $100000)

═══ RESULTADO ═══
✓ Descuento por monto: 10% por compras sobre $100000
Descuento: $12000,00

═══ PROCESANDO SOLICITUD DE DESCUENTO ═══
Cliente: CLI-3
Monto: $130000,00
Cantidad: 8

Iniciando evaluación en la cadena...

→ Verificando cupón de descuento...
  ✗ No se proporcionó cupón
→ Verificando descuento por cliente frecuente...
  ✗ No califica (compras mínimas: 5)
→ Verificando descuento por monto...
  ✓ Descuento por monto aplicado: 10% (compra >= $100000)

═══ RESULTADO ═══
✓ Descuento por monto: 10% por compras sobre $100000
Descuento: $13000,00

═══ PROCESANDO SOLICITUD DE DESCUENTO ═══
Cliente: CLI-4
Monto: $140000,00
Cantidad: 9

Iniciando evaluación en la cadena...

→ Verificando cupón de descuento...
  ✗ No se proporcionó cupón
→ Verificando descuento por cliente frecuente...
  ✗ No califica (compras mínimas: 5)
→ Verificando descuento por monto...
  ✓ Descuento por monto aplicado: 10% (compra >= $100000)

═══ RESULTADO ═══
✓ Descuento por monto: 10% por compras sobre $100000
Descuento: $14000,00
]]></system-out>
  </testcase>
  <testcase name="testMultiplesSolicitudesIndependientes" classname="Integration.CoR.ChainOfResponsibilityIntegrationTest" time="0.017">
    <system-out><![CDATA[
═══ PROCESANDO SOLICITUD DE DESCUENTO ═══
Cliente: CLI-001
Monto: $150000,00
Cantidad: 5

Iniciando evaluación en la cadena...

→ Verificando cupón de descuento...
  ✓ Cupón 'VERANO2024' aplicado: 15% de descuento

═══ RESULTADO ═══
✓ Cupón 'VERANO2024' aplicado: 15% de descuento
Descuento: $22500,00

═══ PROCESANDO SOLICITUD DE DESCUENTO ═══
Cliente: CLI-002
Monto: $120000,00
Cantidad: 15

Iniciando evaluación en la cadena...

→ Verificando cupón de descuento...
  ✗ No se proporcionó cupón
→ Verificando descuento por cliente frecuente...
  ✗ No califica (compras mínimas: 5)
→ Verificando descuento por monto...
  ✓ Descuento por monto aplicado: 10% (compra >= $100000)

═══ RESULTADO ═══
✓ Descuento por monto: 10% por compras sobre $100000
Descuento: $12000,00

═══ PROCESANDO SOLICITUD DE DESCUENTO ═══
Cliente: CLI-003
Monto: $80000,00
Cantidad: 3

Iniciando evaluación en la cadena...

→ Verificando cupón de descuento...
  ✗ No se proporcionó cupón
→ Verificando descuento por cliente frecuente...
  ✓ Descuento cliente frecuente aplicado: 15% (10 compras)

═══ RESULTADO ═══
✓ Descuento cliente frecuente: 15% por tener 10 compras
Descuento: $12000,00
]]></system-out>
  </testcase>
  <testcase name="testCompararTodosDescuentos" classname="Integration.CoR.ChainOfResponsibilityIntegrationTest" time="0.036">
    <system-out><![CDATA[
═══ PROCESANDO SOLICITUD DE DESCUENTO ═══
Cliente: CLI-001
Monto: $150000,00
Cantidad: 5

Iniciando evaluación en la cadena...

→ Verificando cupón de descuento...
  ✓ Cupón 'BLACKFRIDAY' aplicado: 50% de descuento

═══ RESULTADO ═══
✓ Cupón 'BLACKFRIDAY' aplicado: 50% de descuento
Descuento: $75000,00

═══ PROCESANDO SOLICITUD DE DESCUENTO ═══
Cliente: CLI-002
Monto: $150000,00
Cantidad: 5

Iniciando evaluación en la cadena...

→ Verificando cupón de descuento...
  ✗ No se proporcionó cupón
→ Verificando descuento por cliente frecuente...
  ✓ Descuento cliente frecuente aplicado: 15% (10 compras)

═══ RESULTADO ═══
✓ Descuento cliente frecuente: 15% por tener 10 compras
Descuento: $22500,00

═══ PROCESANDO SOLICITUD DE DESCUENTO ═══
Cliente: CLI-003
Monto: $150000,00
Cantidad: 5

Iniciando evaluación en la cadena...

→ Verificando cupón de descuento...
  ✗ No se proporcionó cupón
→ Verificando descuento por cliente frecuente...
  ✗ No califica (compras mínimas: 5)
→ Verificando descuento por monto...
  ✓ Descuento por monto aplicado: 10% (compra >= $100000)

═══ RESULTADO ═══
✓ Descuento por monto: 10% por compras sobre $100000
Descuento: $15000,00

═══ PROCESANDO SOLICITUD DE DESCUENTO ═══
Cliente: CLI-004
Monto: $80000,00
Cantidad: 15

Iniciando evaluación en la cadena...

→ Verificando cupón de descuento...
  ✗ No se proporcionó cupón
→ Verificando descuento por cliente frecuente...
  ✗ No califica (compras mínimas: 5)
→ Verificando descuento por monto...
  ✗ No califica (monto mínimo: $100000)
→ Verificando descuento por cantidad...
  ✓ Descuento por cantidad aplicado: 5% (compra >= 10 unidades)

═══ RESULTADO ═══
✓ Descuento por cantidad: 5% por comprar 10 o más unidades
Descuento: $4000,00
]]></system-out>
  </testcase>
  <testcase name="testCompraMuchasUnidades" classname="Integration.CoR.ChainOfResponsibilityIntegrationTest" time="0.021">
    <system-out><![CDATA[
═══ PROCESANDO SOLICITUD DE DESCUENTO ═══
Cliente: CLI-001
Monto: $80000,00
Cantidad: 25

Iniciando evaluación en la cadena...

→ Verificando cupón de descuento...
  ✗ No se proporcionó cupón
→ Verificando descuento por cliente frecuente...
  ✗ No califica (compras mínimas: 5)
→ Verificando descuento por monto...
  ✗ No califica (monto mínimo: $100000)
→ Verificando descuento por cantidad...
  ✓ Descuento por cantidad aplicado: 5% (compra >= 10 unidades)

═══ RESULTADO ═══
✓ Descuento por cantidad: 5% por comprar 10 o más unidades
Descuento: $4000,00
]]></system-out>
  </testcase>
  <testcase name="testClienteNuevoSinBeneficios" classname="Integration.CoR.ChainOfResponsibilityIntegrationTest" time="0.013">
    <system-out><![CDATA[
═══ PROCESANDO SOLICITUD DE DESCUENTO ═══
Cliente: CLI-NUEVO
Monto: $50000,00
Cantidad: 3

Iniciando evaluación en la cadena...

→ Verificando cupón de descuento...
  ✗ No se proporcionó cupón
→ Verificando descuento por cliente frecuente...
  ✗ No califica (compras mínimas: 5)
→ Verificando descuento por monto...
  ✗ No califica (monto mínimo: $100000)
→ Verificando descuento por cantidad...
  ✗ No califica (cantidad mínima: 10)

═══ RESULTADO ═══
✗ No hay más manejadores en la cadena
]]></system-out>
  </testcase>
</testsuite>