<?xml version="1.0" encoding="UTF-8"?>
<testsuite xmlns:xsi="http://www.w3.org/2001/XMLSchema-instance" xsi:noNamespaceSchemaLocation="https://maven.apache.org/surefire/maven-surefire-plugin/xsd/surefire-test-report-3.0.xsd" version="3.0" name="e2e.Facade.FacadeE2ETest" time="0.064" tests="6" errors="0" skipped="0" failures="0">
  <properties>
[...]
</properties>
  <testcase name="testEscenarioMultiplesVentasSimultaneas" classname="e2e.Facade.FacadeE2ETest" time="0.038">
    <system-out><![CDATA[
=== ESCENARIO E2E: MÚLTIPLES VENTAS SIMULTÁNEAS ===

Procesando venta 1...

=== INICIANDO PROCESO DE VENTA ===

PASO 1: Validando stock...
Validando stock para producto: P001
Reservando 1 unidades del producto: P001
✓ Stock validado y reservado

PASO 2: Procesando pago...
Procesando pago de $119.0 con método: EFECTIVO
✓ Pago procesado exitosamente

PASO 3: Generando factura...
Generando factura para cliente: Cliente 1
Generando PDF de factura: FAC-1762926468397
✓ Factura generada: FAC-1762926468397

PASO 4: Actualizando inventario...
Descontando 1 unidades del inventario: P001
Registrando movimiento: VENTA - Producto: P001 - Cantidad: 1
Verificando stock mínimo para: P001
✓ Inventario actualizado

PASO 5: Procesando programa de fidelización...
Acreditando 11 puntos al cliente: CLI10
✓ 11 puntos acreditados

PASO 6: Enviando notificaciones...
Enviando email a cliente1@example.com - Asunto: Confirmación de compra
Enviando factura FAC-1762926468397 a: cliente1@example.com
Notificando venta al cliente CLI10 - Factura: FAC-1762926468397
✓ Notificaciones enviadas

PASO 7: Generando reportes...
Registrando venta en reportes: FAC-1762926468397 - Monto: $119.0
Actualizando estadísticas de sucursal: SUCURSAL-001
✓ Reportes actualizados

=== VENTA COMPLETADA EXITOSAMENTE ===

Procesando venta 2...

=== INICIANDO PROCESO DE VENTA ===

PASO 1: Validando stock...
Validando stock para producto: P002
Reservando 1 unidades del producto: P002
✓ Stock validado y reservado

PASO 2: Procesando pago...
Procesando pago de $238.0 con método: TARJETA
✓ Pago procesado exitosamente

PASO 3: Generando factura...
Generando factura para cliente: Cliente 2
Generando PDF de factura: FAC-1762926468407
✓ Factura generada: FAC-1762926468407

PASO 4: Actualizando inventario...
Descontando 1 unidades del inventario: P002
Registrando movimiento: VENTA - Producto: P002 - Cantidad: 1
Verificando stock mínimo para: P002
✓ Inventario actualizado

PASO 5: Procesando programa de fidelización...
Acreditando 23 puntos al cliente: CLI11
✓ 23 puntos acreditados

PASO 6: Enviando notificaciones...
Enviando email a cliente2@example.com - Asunto: Confirmación de compra
Enviando factura FAC-1762926468407 a: cliente2@example.com
Notificando venta al cliente CLI11 - Factura: FAC-1762926468407
✓ Notificaciones enviadas

PASO 7: Generando reportes...
Registrando venta en reportes: FAC-1762926468407 - Monto: $238.0
Actualizando estadísticas de sucursal: SUCURSAL-001
✓ Reportes actualizados

=== VENTA COMPLETADA EXITOSAMENTE ===

Procesando venta 3...

=== INICIANDO PROCESO DE VENTA ===

PASO 1: Validando stock...
Validando stock para producto: P003
Reservando 1 unidades del producto: P003
✓ Stock validado y reservado

PASO 2: Procesando pago...
Procesando pago de $357.0 con método: EFECTIVO
✓ Pago procesado exitosamente

PASO 3: Generando factura...
Generando factura para cliente: Cliente 3
Generando PDF de factura: FAC-1762926468407
✓ Factura generada: FAC-1762926468407

PASO 4: Actualizando inventario...
Descontando 1 unidades del inventario: P003
Registrando movimiento: VENTA - Producto: P003 - Cantidad: 1
Verificando stock mínimo para: P003
✓ Inventario actualizado

PASO 5: Procesando programa de fidelización...
Acreditando 35 puntos al cliente: CLI12
✓ 35 puntos acreditados

PASO 6: Enviando notificaciones...
Enviando email a cliente3@example.com - Asunto: Confirmación de compra
Enviando factura FAC-1762926468407 a: cliente3@example.com
Notificando venta al cliente CLI12 - Factura: FAC-1762926468407
✓ Notificaciones enviadas

PASO 7: Generando reportes...
Registrando venta en reportes: FAC-1762926468407 - Monto: $357.0
Actualizando estadísticas de sucursal: SUCURSAL-001
✓ Reportes actualizados

=== VENTA COMPLETADA EXITOSAMENTE ===

Procesando venta 4...

=== INICIANDO PROCESO DE VENTA ===

PASO 1: Validando stock...
Validando stock para producto: P004
Reservando 1 unidades del producto: P004
✓ Stock validado y reservado

PASO 2: Procesando pago...
Procesando pago de $476.0 con método: TARJETA
✓ Pago procesado exitosamente

PASO 3: Generando factura...
Generando factura para cliente: Cliente 4
Generando PDF de factura: FAC-1762926468407
✓ Factura generada: FAC-1762926468407

PASO 4: Actualizando inventario...
Descontando 1 unidades del inventario: P004
Registrando movimiento: VENTA - Producto: P004 - Cantidad: 1
Verificando stock mínimo para: P004
✓ Inventario actualizado

PASO 5: Procesando programa de fidelización...
Acreditando 47 puntos al cliente: CLI13
✓ 47 puntos acreditados

PASO 6: Enviando notificaciones...
Enviando email a cliente4@example.com - Asunto: Confirmación de compra
Enviando factura FAC-1762926468407 a: cliente4@example.com
Notificando venta al cliente CLI13 - Factura: FAC-1762926468407
✓ Notificaciones enviadas

PASO 7: Generando reportes...
Registrando venta en reportes: FAC-1762926468407 - Monto: $476.0
Actualizando estadísticas de sucursal: SUCURSAL-001
✓ Reportes actualizados

=== VENTA COMPLETADA EXITOSAMENTE ===

Procesando venta 5...

=== INICIANDO PROCESO DE VENTA ===

PASO 1: Validando stock...
Validando stock para producto: P005
Reservando 1 unidades del producto: P005
✓ Stock validado y reservado

PASO 2: Procesando pago...
Procesando pago de $595.0 con método: EFECTIVO
✓ Pago procesado exitosamente

PASO 3: Generando factura...
Generando factura para cliente: Cliente 5
Generando PDF de factura: FAC-1762926468407
✓ Factura generada: FAC-1762926468407

PASO 4: Actualizando inventario...
Descontando 1 unidades del inventario: P005
Registrando movimiento: VENTA - Producto: P005 - Cantidad: 1
Verificando stock mínimo para: P005
✓ Inventario actualizado

PASO 5: Procesando programa de fidelización...
Acreditando 59 puntos al cliente: CLI14
✓ 59 puntos acreditados

PASO 6: Enviando notificaciones...
Enviando email a cliente5@example.com - Asunto: Confirmación de compra
Enviando factura FAC-1762926468407 a: cliente5@example.com
Notificando venta al cliente CLI14 - Factura: FAC-1762926468407
✓ Notificaciones enviadas

PASO 7: Generando reportes...
Registrando venta en reportes: FAC-1762926468407 - Monto: $595.0
Actualizando estadísticas de sucursal: SUCURSAL-001
✓ Reportes actualizados

=== VENTA COMPLETADA EXITOSAMENTE ===


--- Resultados ---
✓ Venta 1: FAC-1762926468397
✓ Venta 2: FAC-1762926468407
✓ Venta 3: FAC-1762926468407
✓ Venta 4: FAC-1762926468407
✓ Venta 5: FAC-1762926468407

Total de ventas procesadas exitosamente: 5/5
]]></system-out>
  </testcase>
  <testcase name="testEscenarioCompletoVentaTiendaFisica" classname="e2e.Facade.FacadeE2ETest" time="0.002">
    <system-out><![CDATA[
=== ESCENARIO E2E: VENTA EN TIENDA FÍSICA ===

Cliente selecciona productos:
- Laptop HP Pavilion: $800.00
- Mouse Inalámbrico: $25.00
- Teclado USB: $35.00
- Memoria USB 32GB (x2): $30.00
Subtotal: $890.0
Impuestos (19%): $169.1
Total: $1059.1

Método de pago: TARJETA

=== INICIANDO PROCESO DE VENTA ===

PASO 1: Validando stock...
Validando stock para producto: P001
Reservando 1 unidades del producto: P001
Validando stock para producto: P002
Reservando 1 unidades del producto: P002
Validando stock para producto: P003
Reservando 1 unidades del producto: P003
Validando stock para producto: P004
Reservando 2 unidades del producto: P004
✓ Stock validado y reservado

PASO 2: Procesando pago...
Procesando pago de $1059.1 con método: TARJETA
✓ Pago procesado exitosamente

PASO 3: Generando factura...
Generando factura para cliente: Roberto Gómez
Generando PDF de factura: FAC-1762926468412
✓ Factura generada: FAC-1762926468412

PASO 4: Actualizando inventario...
Descontando 1 unidades del inventario: P001
Registrando movimiento: VENTA - Producto: P001 - Cantidad: 1
Verificando stock mínimo para: P001
Descontando 1 unidades del inventario: P002
Registrando movimiento: VENTA - Producto: P002 - Cantidad: 1
Verificando stock mínimo para: P002
Descontando 1 unidades del inventario: P003
Registrando movimiento: VENTA - Producto: P003 - Cantidad: 1
Verificando stock mínimo para: P003
Descontando 2 unidades del inventario: P004
Registrando movimiento: VENTA - Producto: P004 - Cantidad: 2
Verificando stock mínimo para: P004
✓ Inventario actualizado

PASO 5: Procesando programa de fidelización...
Acreditando 105 puntos al cliente: CLI001
✓ 105 puntos acreditados

PASO 6: Enviando notificaciones...
Enviando email a roberto@example.com - Asunto: Confirmación de compra
Enviando factura FAC-1762926468412 a: roberto@example.com
Notificando venta al cliente CLI001 - Factura: FAC-1762926468412
✓ Notificaciones enviadas

PASO 7: Generando reportes...
Registrando venta en reportes: FAC-1762926468412 - Monto: $1059.1
Actualizando estadísticas de sucursal: SUCURSAL-001
✓ Reportes actualizados

=== VENTA COMPLETADA EXITOSAMENTE ===


--- Resumen Final ---
✓ Venta completada exitosamente
Factura: FAC-1762926468412
Comprobante: COMPROBANTE-1762926468412
Puntos ganados: 105
Puntos totales del cliente: 150
]]></system-out>
  </testcase>
  <testcase name="testEscenarioCompraGrandeConReportes" classname="e2e.Facade.FacadeE2ETest" time="0.004">
    <system-out><![CDATA[
=== ESCENARIO E2E: COMPRA GRANDE CON REPORTES ===

Cliente corporativo selecciona equipos:

Resumen de compra:
- 10 Laptops Dell XPS
- 10 Monitores 27'
- 10 Teclados Mecánicos
- 10 Mouse Inalámbricos
- 10 Webcams HD

Subtotal: $22000.0
Impuestos: $4180.0
Total: $26180.0

=== INICIANDO PROCESO DE VENTA ===

PASO 1: Validando stock...
Validando stock para producto: P001
Reservando 10 unidades del producto: P001
Validando stock para producto: P002
Reservando 10 unidades del producto: P002
Validando stock para producto: P003
Reservando 10 unidades del producto: P003
Validando stock para producto: P004
Reservando 10 unidades del producto: P004
Validando stock para producto: P005
Reservando 10 unidades del producto: P005
✓ Stock validado y reservado

PASO 2: Procesando pago...
Procesando pago de $26180.0 con método: TRANSFERENCIA
✓ Pago procesado exitosamente

PASO 3: Generando factura...
Generando factura para cliente: Empresa ABC S.A.
Generando PDF de factura: FAC-1762926468416
✓ Factura generada: FAC-1762926468416

PASO 4: Actualizando inventario...
Descontando 10 unidades del inventario: P001
Registrando movimiento: VENTA - Producto: P001 - Cantidad: 10
Verificando stock mínimo para: P001
Descontando 10 unidades del inventario: P002
Registrando movimiento: VENTA - Producto: P002 - Cantidad: 10
Verificando stock mínimo para: P002
Descontando 10 unidades del inventario: P003
Registrando movimiento: VENTA - Producto: P003 - Cantidad: 10
Verificando stock mínimo para: P003
Descontando 10 unidades del inventario: P004
Registrando movimiento: VENTA - Producto: P004 - Cantidad: 10
Verificando stock mínimo para: P004
Descontando 10 unidades del inventario: P005
Registrando movimiento: VENTA - Producto: P005 - Cantidad: 10
Verificando stock mínimo para: P005
✓ Inventario actualizado

PASO 5: Procesando programa de fidelización...
Acreditando 2618 puntos al cliente: CORP001
✓ 2618 puntos acreditados

PASO 6: Enviando notificaciones...
Enviando email a compras@abc.com - Asunto: Confirmación de compra
Enviando factura FAC-1762926468416 a: compras@abc.com
Notificando venta al cliente CORP001 - Factura: FAC-1762926468416
✓ Notificaciones enviadas

PASO 7: Generando reportes...
Registrando venta en reportes: FAC-1762926468416 - Monto: $26180.0
Actualizando estadísticas de sucursal: SUCURSAL-001
✓ Reportes actualizados

=== VENTA COMPLETADA EXITOSAMENTE ===


Generando reportes...
Reporte generado: REPORTE-VENTAS-1762926468416

--- Detalles Finales ---
Factura: FAC-1762926468416
Monto total: $26180.0
Puntos corporativos ganados: 2618
]]></system-out>
  </testcase>
  <testcase name="testEscenarioClienteFrecuenteConPuntos" classname="e2e.Facade.FacadeE2ETest" time="0.004">
    <system-out><![CDATA[
=== ESCENARIO E2E: CLIENTE FRECUENTE ===

Consultando puntos del cliente CLI003...
Puntos actuales: 150

--- Primera Compra ---

=== INICIANDO PROCESO DE VENTA ===

PASO 1: Validando stock...
Validando stock para producto: P001
Reservando 1 unidades del producto: P001
✓ Stock validado y reservado

PASO 2: Procesando pago...
Procesando pago de $178.5 con método: EFECTIVO
✓ Pago procesado exitosamente

PASO 3: Generando factura...
Generando factura para cliente: Luis Fernández
Generando PDF de factura: FAC-1762926468421
✓ Factura generada: FAC-1762926468421

PASO 4: Actualizando inventario...
Descontando 1 unidades del inventario: P001
Registrando movimiento: VENTA - Producto: P001 - Cantidad: 1
Verificando stock mínimo para: P001
✓ Inventario actualizado

PASO 5: Procesando programa de fidelización...
Acreditando 17 puntos al cliente: CLI003
✓ 17 puntos acreditados

PASO 6: Enviando notificaciones...
Enviando email a luis@example.com - Asunto: Confirmación de compra
Enviando factura FAC-1762926468421 a: luis@example.com
Notificando venta al cliente CLI003 - Factura: FAC-1762926468421
✓ Notificaciones enviadas

PASO 7: Generando reportes...
Registrando venta en reportes: FAC-1762926468421 - Monto: $178.5
Actualizando estadísticas de sucursal: SUCURSAL-001
✓ Reportes actualizados

=== VENTA COMPLETADA EXITOSAMENTE ===

Puntos ganados: 17

--- Segunda Compra ---

=== INICIANDO PROCESO DE VENTA ===

PASO 1: Validando stock...
Validando stock para producto: P002
Reservando 1 unidades del producto: P002
✓ Stock validado y reservado

PASO 2: Procesando pago...
Procesando pago de $238.0 con método: TARJETA
✓ Pago procesado exitosamente

PASO 3: Generando factura...
Generando factura para cliente: Luis Fernández
Generando PDF de factura: FAC-1762926468421
✓ Factura generada: FAC-1762926468421

PASO 4: Actualizando inventario...
Descontando 1 unidades del inventario: P002
Registrando movimiento: VENTA - Producto: P002 - Cantidad: 1
Verificando stock mínimo para: P002
✓ Inventario actualizado

PASO 5: Procesando programa de fidelización...
Acreditando 23 puntos al cliente: CLI003
✓ 23 puntos acreditados

PASO 6: Enviando notificaciones...
Enviando email a luis@example.com - Asunto: Confirmación de compra
Enviando factura FAC-1762926468421 a: luis@example.com
Notificando venta al cliente CLI003 - Factura: FAC-1762926468421
✓ Notificaciones enviadas

PASO 7: Generando reportes...
Registrando venta en reportes: FAC-1762926468421 - Monto: $238.0
Actualizando estadísticas de sucursal: SUCURSAL-001
✓ Reportes actualizados

=== VENTA COMPLETADA EXITOSAMENTE ===

Puntos ganados: 23

--- Tercera Compra ---

=== INICIANDO PROCESO DE VENTA ===

PASO 1: Validando stock...
Validando stock para producto: P003
Reservando 1 unidades del producto: P003
✓ Stock validado y reservado

PASO 2: Procesando pago...
Procesando pago de $95.2 con método: TARJETA
✓ Pago procesado exitosamente

PASO 3: Generando factura...
Generando factura para cliente: Luis Fernández
Generando PDF de factura: FAC-1762926468421
✓ Factura generada: FAC-1762926468421

PASO 4: Actualizando inventario...
Descontando 1 unidades del inventario: P003
Registrando movimiento: VENTA - Producto: P003 - Cantidad: 1
Verificando stock mínimo para: P003
✓ Inventario actualizado

PASO 5: Procesando programa de fidelización...
Acreditando 9 puntos al cliente: CLI003
✓ 9 puntos acreditados

PASO 6: Enviando notificaciones...
Enviando email a luis@example.com - Asunto: Confirmación de compra
Enviando factura FAC-1762926468421 a: luis@example.com
Notificando venta al cliente CLI003 - Factura: FAC-1762926468421
✓ Notificaciones enviadas

PASO 7: Generando reportes...
Registrando venta en reportes: FAC-1762926468421 - Monto: $95.2
Actualizando estadísticas de sucursal: SUCURSAL-001
✓ Reportes actualizados

=== VENTA COMPLETADA EXITOSAMENTE ===

Puntos ganados: 9

--- Resumen de Puntos ---
Total de puntos ganados en las 3 compras: 49
]]></system-out>
  </testcase>
  <testcase name="testEscenarioVentaErrorPago" classname="e2e.Facade.FacadeE2ETest" time="0.003">
    <system-out><![CDATA[
=== ESCENARIO E2E: ERROR EN PAGO ===

Intentando procesar pago...

=== INICIANDO PROCESO DE VENTA ===

PASO 1: Validando stock...
✓ Stock validado y reservado

PASO 2: Procesando pago...
Procesando pago de $0.0 con método: TARJETA
Liberando stock reservado...
✗ Venta fallida: Error al procesar el pago
Stock liberado automáticamente
]]></system-out>
  </testcase>
  <testcase name="testEscenarioCompletoConMVC" classname="e2e.Facade.FacadeE2ETest" time="0.004">
    <system-out><![CDATA[
=== ESCENARIO E2E: FLUJO COMPLETO MVC ===

Procesando venta a través del controlador MVC...

=== INICIANDO PROCESO DE VENTA ===

PASO 1: Validando stock...
Validando stock para producto: P001
Reservando 1 unidades del producto: P001
Validando stock para producto: P002
Reservando 1 unidades del producto: P002
Validando stock para producto: P003
Reservando 1 unidades del producto: P003
✓ Stock validado y reservado

PASO 2: Procesando pago...
Procesando pago de $987.7 con método: TARJETA
✓ Pago procesado exitosamente

PASO 3: Generando factura...
Generando factura para cliente: Sofía Ramírez
Generando PDF de factura: FAC-1762926468431
✓ Factura generada: FAC-1762926468431

PASO 4: Actualizando inventario...
Descontando 1 unidades del inventario: P001
Registrando movimiento: VENTA - Producto: P001 - Cantidad: 1
Verificando stock mínimo para: P001
Descontando 1 unidades del inventario: P002
Registrando movimiento: VENTA - Producto: P002 - Cantidad: 1
Verificando stock mínimo para: P002
Descontando 1 unidades del inventario: P003
Registrando movimiento: VENTA - Producto: P003 - Cantidad: 1
Verificando stock mínimo para: P003
✓ Inventario actualizado

PASO 5: Procesando programa de fidelización...
Acreditando 98 puntos al cliente: CLI999
✓ 98 puntos acreditados

PASO 6: Enviando notificaciones...
Enviando email a sofia@example.com - Asunto: Confirmación de compra
Enviando factura FAC-1762926468431 a: sofia@example.com
Notificando venta al cliente CLI999 - Factura: FAC-1762926468431
✓ Notificaciones enviadas

PASO 7: Generando reportes...
Registrando venta en reportes: FAC-1762926468431 - Monto: $987.7
Actualizando estadísticas de sucursal: SUCURSAL-001
✓ Reportes actualizados

=== VENTA COMPLETADA EXITOSAMENTE ===


══════════════════════════════════════════════════
RESULTADO DE LA VENTA
══════════════════════════════════════════════════
Estado: ✓ EXITOSA
Número de Factura: FAC-1762926468431
Comprobante de Pago: COMPROBANTE-1762926468431
Puntos Ganados: 98
Venta procesada exitosamente
══════════════════════════════════════════════════

Consultando puntos del cliente...

══════════════════════════════════════════════════
Cliente CLI999 tiene 150 puntos acumulados
══════════════════════════════════════════════════

Generando reporte...

══════════════════════════════════════════════════
Reporte generado: REPORTE-VENTAS-1762926468432
══════════════════════════════════════════════════

✓ Flujo MVC completado exitosamente
]]></system-out>
  </testcase>
</testsuite>