<?xml version="1.0" encoding="UTF-8"?>
<testsuite xmlns:xsi="http://www.w3.org/2001/XMLSchema-instance" xsi:noNamespaceSchemaLocation="https://maven.apache.org/surefire/maven-surefire-plugin/xsd/surefire-test-report-3.0.xsd" version="3.0" name="e2e.Composite.CompositeE2ETest" time="0.031" tests="5" errors="0" skipped="0" failures="0">
  <properties>
[...]
</properties>
  <testcase name="testEscenarioTiendaCompletaOperacionesComplejas" classname="e2e.Composite.CompositeE2ETest" time="0.01">
    <system-out><![CDATA[
=== ESCENARIO: TIENDA COMPLETA CON OPERACIONES COMPLEJAS ===

=== Estado Inicial ===
Total del inventario: $3800,00
Peso total: 26,50 kg
Cantidad de items: 8

=== Operación 1: 25% descuento en Deportes ===
Total del inventario: $3665,00
Peso total: 26,50 kg
Cantidad de items: 8

=== Operación 2: 10% descuento global ===
Descuento del 10.0% aplicado correctamente
Total del inventario: $3171,60
Peso total: 26,50 kg
Cantidad de items: 8

=== Verificaciones Finales ===
Items totales: 8
Peso total: 26,50 kg
Descuento total aplicado: 16,54%

¡Todas las operaciones completadas exitosamente!
]]></system-out>
  </testcase>
  <testcase name="testEscenarioCompletoTiendaElectronica" classname="e2e.Composite.CompositeE2ETest" time="0.004">
    <system-out><![CDATA[
=== ESCENARIO COMPLETO: TIENDA ELECTRÓNICA ===

Total del inventario: $3163,75
Peso total: 11,30 kg
Cantidad de items: 8

--- Aplicando descuento global del 15% ---

Descuento del 15.0% aplicado correctamente
Total del inventario: $2689,19
Peso total: 11,30 kg
Cantidad de items: 8

--- Resultados Finales ---
Total con descuento: $2689,19
Items totales: 8
Peso total: 11,30 kg
]]></system-out>
  </testcase>
  <testcase name="testEscenarioBlackFridayMultiplesPromociones" classname="e2e.Composite.CompositeE2ETest" time="0.003">
    <system-out><![CDATA[
=== ESCENARIO: BLACK FRIDAY ===

Total del inventario: $1530,00
Peso total: 28,20 kg
Cantidad de items: 4

--- Detalles de la Promoción ---
Precio sin descuento: $2550
Descuento Black Friday: 40%
Precio final: $1530,00
Ahorro total: $1020,00
]]></system-out>
  </testcase>
  <testcase name="testEscenarioMultiCategoriasConDescuentos" classname="e2e.Composite.CompositeE2ETest" time="0.005">
    <system-out><![CDATA[
=== ESCENARIO: MULTI-CATEGORÍAS CON DESCUENTOS ===

Estado inicial:
Total del inventario: $700,00
Peso total: 1,10 kg
Cantidad de items: 4

--- Aplicando 20% de descuento solo en Ropa ---
Total del inventario: $676,00
Peso total: 1,10 kg
Cantidad de items: 4

--- Aplicando 10% de descuento global adicional ---
Descuento del 10.0% aplicado correctamente
Total del inventario: $606,00
Peso total: 1,10 kg
Cantidad de items: 4

--- Análisis de Descuentos ---
Descuento aplicado a Ropa: 20%
Descuento global adicional: 10%
Descuento total en Ropa: 13.428571428571423%
]]></system-out>
  </testcase>
  <testcase name="testEscenarioComboYPromocionesJuntos" classname="e2e.Composite.CompositeE2ETest" time="0.003">
    <system-out><![CDATA[
=== ESCENARIO: COMBO DENTRO DE PROMOCIÓN ===

Total del inventario: $935,00
Peso total: 20,00 kg
Cantidad de items: 3

--- Análisis de Ahorros ---
Precio individual de productos: $1250.0
Precio del combo: $1100.0
Ahorro del combo: $150,00
Descuento adicional por promoción: 15%
Precio final: $935,00
Ahorro total: $315,00
]]></system-out>
  </testcase>
</testsuite>