<?xml version="1.0" encoding="UTF-8"?>
<testsuite xmlns:xsi="http://www.w3.org/2001/XMLSchema-instance" xsi:noNamespaceSchemaLocation="https://maven.apache.org/surefire/maven-surefire-plugin/xsd/surefire-test-report-3.0.xsd" version="3.0" name="e2e.State.StateE2ETest" time="17.114" tests="7" errors="0" skipped="0" failures="0">
  <properties>
[...]
</properties>
  <testcase name="testSeguimientoCompletoPedido" classname="e2e.State.StateE2ETest" time="4.335">
    <system-out><![CDATA[
=== ESCENARIO E2E: SEGUIMIENTO DE PEDIDO ===

Cliente hace un pedido y rastrea su estado...

✓ Pedido creado: PED-1001
✓ Item agregado al pedido
══════════════════════════════════════════════════
TRACKING DEL PEDIDO: PED-1001
══════════════════════════════════════════════════

[DÍA 1] Pedido creado
Estado: PENDIENTE
Procesando pedido pendiente...
Verificando inventario...
Reservando productos...
✓ Pedido ahora en estado: PROCESANDO

[DÍA 1] Pedido en procesamiento
Estado: PROCESANDO
Confirmando pago del pedido...
Verificando transacción...
Pago aprobado...
✓ Pedido ahora en estado: CONFIRMADO

[DÍA 2] Pago confirmado
Estado: CONFIRMADO
Preparando pedido para envío...
Empacando productos...
Generando guía de envío...
✓ Pedido ahora en estado: ENVIADO

[DÍA 3] Pedido enviado
Estado: ENVIADO
Tiempo estimado de entrega: 2-3 días
Entregando pedido al cliente...
Confirmando recepción...
Obteniendo firma...
✓ Pedido ahora en estado: ENTREGADO

[DÍA 5] Pedido entregado
Estado: ENTREGADO

═
═
═
═
═
═
═
═
═
═
═
═
═
═
═
═
═
═
═
═
═
═
═
═
═
═
═
═
═
═
═
═
═
═
═
═
═
═
═
═
═
═
═
═
═
═
═
═
═
═
HISTORIAL COMPLETO DE ESTADOS
══════════════════════════════════════════════════
1. Mon Nov 10 16:18:56 COT 2025 - PENDIENTE
2. Mon Nov 10 16:18:57 COT 2025 - PROCESANDO
3. Mon Nov 10 16:18:58 COT 2025 - CONFIRMADO
4. Mon Nov 10 16:18:59 COT 2025 - ENVIADO
5. Mon Nov 10 16:19:00 COT 2025 - ENTREGADO

✓ Cliente puede rastrear todo el ciclo de vida del pedido
]]></system-out>
  </testcase>
  <testcase name="testIntentoCancelacionDespuesEnvio" classname="e2e.State.StateE2ETest" time="0.848">
    <system-out><![CDATA[
=== ESCENARIO E2E: NO PUEDE CANCELAR DESPUÉS DE ENVÍO ===

✓ Pedido creado: PED-1001
✓ Item agregado al pedido
Procesando pedido completo...
Procesando pedido pendiente...
Verificando inventario...
Reservando productos...
✓ Pedido ahora en estado: PROCESANDO
Confirmando pago del pedido...
Verificando transacción...
Pago aprobado...
✓ Pedido ahora en estado: CONFIRMADO
Preparando pedido para envío...
Empacando productos...
Generando guía de envío...
✓ Pedido ahora en estado: ENVIADO
Estado actual: ENVIADO

Cliente intenta cancelar el pedido...
✗ No se puede cancelar. El pedido ya fue enviado
Por favor contacte al servicio al cliente

═
═
═
═
═
═
═
═
═
═
═
═
═
═
═
═
═
═
═
═
═
═
═
═
═
═
═
═
═
═
═
═
═
═
═
═
═
═
═
═
═
═
═
═
═
═
═
═
═
═
Resultado: Cancelación NO permitida
Estado sigue siendo: ENVIADO
══════════════════════════════════════════════════

✓ Sistema previno cancelación incorrecta
]]></system-out>
  </testcase>
  <testcase name="testClienteCancelaPedido" classname="e2e.State.StateE2ETest" time="2.516">
    <system-out><![CDATA[
=== ESCENARIO E2E: CANCELACIÓN DE PEDIDO ===

Cliente crea pedido...
✓ Pedido creado: PED-1001
✓ Item agregado al pedido
✓ Item agregado al pedido
Total: $3650000,00

Sistema procesa el pedido...
Procesando pedido pendiente...
Verificando inventario...
Reservando productos...
✓ Pedido ahora en estado: PROCESANDO
Estado: PROCESANDO

Cliente confirma el pago...
Confirmando pago del pedido...
Verificando transacción...
Pago aprobado...
✓ Pedido ahora en estado: CONFIRMADO
Estado: CONFIRMADO

¡Cliente se arrepiente!
Solicitando cancelación...
Cancelando pedido confirmado...
Procesando reembolso...
✓ Pedido cancelado y reembolso iniciado

═
═
═
═
═
═
═
═
═
═
═
═
═
═
═
═
═
═
═
═
═
═
═
═
═
═
═
═
═
═
═
═
═
═
═
═
═
═
═
═
═
═
═
═
═
═
═
═
═
═
Estado final: CANCELADO
Reembolso procesándose...
══════════════════════════════════════════════════

✓ Cancelación procesada correctamente
]]></system-out>
  </testcase>
  <testcase name="testValidacionTransicionesInvalidas" classname="e2e.State.StateE2ETest" time="0.043">
    <system-out><![CDATA[
=== ESCENARIO E2E: VALIDACIÓN DE TRANSICIONES ===

✓ Pedido creado: PED-1001
✓ Item agregado al pedido
Estado inicial: PENDIENTE

--- Intentando operaciones inválidas ---

1. Intentar confirmar pago sin procesar:
✗ No se puede confirmar pago. El pedido aún no está procesado
   ✓ Bloqueado correctamente

2. Intentar enviar sin procesar:
✗ No se puede enviar. El pedido debe estar procesado primero
   ✓ Bloqueado correctamente

3. Intentar entregar sin enviar:
✗ No se puede entregar. El pedido debe estar en camino
   ✓ Bloqueado correctamente

═
═
═
═
═
═
═
═
═
═
═
═
═
═
═
═
═
═
═
═
═
═
═
═
═
═
═
═
═
═
═
═
═
═
═
═
═
═
═
═
═
═
═
═
═
═
═
═
═
═
Sistema validó todas las transiciones inválidas
Estado final: PENDIENTE
══════════════════════════════════════════════════

✓ Validaciones de estado funcionando correctamente
]]></system-out>
  </testcase>
  <testcase name="testPedidoExitosoCompleto" classname="e2e.State.StateE2ETest" time="4.989">
    <system-out><![CDATA[
=== ESCENARIO E2E: PEDIDO EXITOSO COMPLETO ===

══════════════════════════════════════════════════
PASO 1: CLIENTE CREA PEDIDO
══════════════════════════════════════════════════
✓ Pedido creado: PED-1001
Cliente: María González
Número de pedido: PED-1001
Estado inicial: PENDIENTE

═
═
═
═
═
═
═
═
═
═
═
═
═
═
═
═
═
═
═
═
═
═
═
═
═
═
═
═
═
═
═
═
═
═
═
═
═
═
═
═
═
═
═
═
═
═
═
═
═
═
PASO 2: AGREGAR PRODUCTOS
══════════════════════════════════════════════════
✓ Item agregado al pedido
✓ Smart TV 55" agregado
✓ Item agregado al pedido
✓ Soundbar agregado
✓ Item agregado al pedido
✓ 2x Cable HDMI agregado

Total del pedido: $3050000,00

═
═
═
═
═
═
═
═
═
═
═
═
═
═
═
═
═
═
═
═
═
═
═
═
═
═
═
═
═
═
═
═
═
═
═
═
═
═
═
═
═
═
═
═
═
═
═
═
═
═
PASO 3: SISTEMA PROCESA PEDIDO
══════════════════════════════════════════════════
Procesando pedido pendiente...
Verificando inventario...
Reservando productos...
✓ Pedido ahora en estado: PROCESANDO

═
═
═
═
═
═
═
═
═
═
═
═
═
═
═
═
═
═
═
═
═
═
═
═
═
═
═
═
═
═
═
═
═
═
═
═
═
═
═
═
═
═
═
═
═
═
═
═
═
═
PASO 4: CONFIRMAR PAGO
══════════════════════════════════════════════════
Confirmando pago del pedido...
Verificando transacción...
Pago aprobado...
✓ Pedido ahora en estado: CONFIRMADO

═
═
═
═
═
═
═
═
═
═
═
═
═
═
═
═
═
═
═
═
═
═
═
═
═
═
═
═
═
═
═
═
═
═
═
═
═
═
═
═
═
═
═
═
═
═
═
═
═
═
PASO 5: ENVÍO DEL PEDIDO
══════════════════════════════════════════════════
Preparando pedido para envío...
Empacando productos...
Generando guía de envío...
✓ Pedido ahora en estado: ENVIADO

═
═
═
═
═
═
═
═
═
═
═
═
═
═
═
═
═
═
═
═
═
═
═
═
═
═
═
═
═
═
═
═
═
═
═
═
═
═
═
═
═
═
═
═
═
═
═
═
═
═
PASO 6: ENTREGA AL CLIENTE
══════════════════════════════════════════════════
Entregando pedido al cliente...
Confirmando recepción...
Obteniendo firma...
✓ Pedido ahora en estado: ENTREGADO

═
═
═
═
═
═
═
═
═
═
═
═
═
═
═
═
═
═
═
═
═
═
═
═
═
═
═
═
═
═
═
═
═
═
═
═
═
═
═
═
═
═
═
═
═
═
═
═
═
═
RESUMEN FINAL DEL PEDIDO
══════════════════════════════════════════════════
Pedido: PED-1001
Cliente: María González
Estado: ENTREGADO
Total: $3050000,00
Items: 3

Historial de estados:
  Mon Nov 10 16:19:03 COT 2025 - PENDIENTE
  Mon Nov 10 16:19:05 COT 2025 - PROCESANDO
  Mon Nov 10 16:19:06 COT 2025 - CONFIRMADO
  Mon Nov 10 16:19:07 COT 2025 - ENVIADO
  Mon Nov 10 16:19:08 COT 2025 - ENTREGADO

✓ Pedido completado exitosamente
]]></system-out>
  </testcase>
  <testcase name="testMultiplesPedidosParalelo" classname="e2e.State.StateE2ETest" time="2.493">
    <system-out><![CDATA[
=== ESCENARIO E2E: MÚLTIPLES PEDIDOS SIMULTÁNEOS ===

Sistema de supermercado recibiendo múltiples pedidos...

──────────────────────────────────────────────────
PEDIDO 1: Cliente A - Compra normal
──────────────────────────────────────────────────
✓ Pedido creado: PED-1001
✓ Item agregado al pedido
Procesando pedido pendiente...
Verificando inventario...
Reservando productos...
✓ Pedido ahora en estado: PROCESANDO
Confirmando pago del pedido...
Verificando transacción...
Pago aprobado...
✓ Pedido ahora en estado: CONFIRMADO
Preparando pedido para envío...
Empacando productos...
Generando guía de envío...
✓ Pedido ahora en estado: ENVIADO
Entregando pedido al cliente...
Confirmando recepción...
Obteniendo firma...
✓ Pedido ahora en estado: ENTREGADO
Estado final: ENTREGADO

─
─
─
─
─
─
─
─
─
─
─
─
─
─
─
─
─
─
─
─
─
─
─
─
─
─
─
─
─
─
─
─
─
─
─
─
─
─
─
─
─
─
─
─
─
─
─
─
─
─
PEDIDO 2: Cliente B - Cancela en procesamiento
──────────────────────────────────────────────────
✓ Pedido creado: PED-1002
✓ Item agregado al pedido
Procesando pedido pendiente...
Verificando inventario...
Reservando productos...
✓ Pedido ahora en estado: PROCESANDO
Cancelando pedido en proceso...
Liberando productos reservados...
✓ Pedido cancelado
Estado final: CANCELADO

─
─
─
─
─
─
─
─
─
─
─
─
─
─
─
─
─
─
─
─
─
─
─
─
─
─
─
─
─
─
─
─
─
─
─
─
─
─
─
─
─
─
─
─
─
─
─
─
─
─
PEDIDO 3: Cliente C - En tránsito
──────────────────────────────────────────────────
✓ Pedido creado: PED-1003
✓ Item agregado al pedido
Procesando pedido pendiente...
Verificando inventario...
Reservando productos...
✓ Pedido ahora en estado: PROCESANDO
Confirmando pago del pedido...
Verificando transacción...
Pago aprobado...
✓ Pedido ahora en estado: CONFIRMADO
Preparando pedido para envío...
Empacando productos...
Generando guía de envío...
✓ Pedido ahora en estado: ENVIADO
Estado final: ENVIADO

─
─
─
─
─
─
─
─
─
─
─
─
─
─
─
─
─
─
─
─
─
─
─
─
─
─
─
─
─
─
─
─
─
─
─
─
─
─
─
─
─
─
─
─
─
─
─
─
─
─
PEDIDO 4: Cliente D - Recién creado
──────────────────────────────────────────────────
✓ Pedido creado: PED-1004
✓ Item agregado al pedido
Estado final: PENDIENTE

═
═
═
═
═
═
═
═
═
═
═
═
═
═
═
═
═
═
═
═
═
═
═
═
═
═
═
═
═
═
═
═
═
═
═
═
═
═
═
═
═
═
═
═
═
═
═
═
═
═
RESUMEN DE PEDIDOS
══════════════════════════════════════════════════
Pedido 1: ENTREGADO
Pedido 2: CANCELADO
Pedido 3: ENVIADO
Pedido 4: PENDIENTE

✓ Sistema maneja múltiples pedidos correctamente
]]></system-out>
  </testcase>
  <testcase name="testDiaCompletoSupermercado" classname="e2e.State.StateE2ETest" time="1.772">
    <system-out><![CDATA[
=== ESCENARIO E2E: DÍA COMPLETO EN EL SUPERMERCADO ===

Simulando un día de operaciones...

══════════════════════════════════════════════════
9:00 AM - APERTURA
══════════════════════════════════════════════════

--- Pedidos de la mañana ---
✓ Pedido creado: PED-1001
✓ Item agregado al pedido
Procesando pedido pendiente...
Verificando inventario...
Reservando productos...
✓ Pedido ahora en estado: PROCESANDO
Confirmando pago del pedido...
Verificando transacción...
Pago aprobado...
✓ Pedido ahora en estado: CONFIRMADO
Pedido 1: Procesado
✓ Pedido creado: PED-1002
✓ Item agregado al pedido
Procesando pedido pendiente...
Verificando inventario...
Reservando productos...
✓ Pedido ahora en estado: PROCESANDO
Confirmando pago del pedido...
Verificando transacción...
Pago aprobado...
✓ Pedido ahora en estado: CONFIRMADO
Pedido 2: Procesado
✓ Pedido creado: PED-1003
✓ Item agregado al pedido
Procesando pedido pendiente...
Verificando inventario...
Reservando productos...
✓ Pedido ahora en estado: PROCESANDO
Confirmando pago del pedido...
Verificando transacción...
Pago aprobado...
✓ Pedido ahora en estado: CONFIRMADO
Pedido 3: Procesado

--- Pedidos del mediodía ---
✓ Pedido creado: PED-1004
✓ Item agregado al pedido
Procesando pedido pendiente...
Verificando inventario...
Reservando productos...
✓ Pedido ahora en estado: PROCESANDO
Confirmando pago del pedido...
Verificando transacción...
Pago aprobado...
✓ Pedido ahora en estado: CONFIRMADO
Preparando pedido para envío...
Empacando productos...
Generando guía de envío...
✓ Pedido ahora en estado: ENVIADO
Pedido 4: Enviado
✓ Pedido creado: PED-1005
✓ Item agregado al pedido
Procesando pedido pendiente...
Verificando inventario...
Reservando productos...
✓ Pedido ahora en estado: PROCESANDO
Confirmando pago del pedido...
Verificando transacción...
Pago aprobado...
✓ Pedido ahora en estado: CONFIRMADO
Preparando pedido para envío...
Empacando productos...
Generando guía de envío...
✓ Pedido ahora en estado: ENVIADO
Pedido 5: Enviado
✓ Pedido creado: PED-1006
✓ Item agregado al pedido
Procesando pedido pendiente...
Verificando inventario...
Reservando productos...
✓ Pedido ahora en estado: PROCESANDO
Confirmando pago del pedido...
Verificando transacción...
Pago aprobado...
✓ Pedido ahora en estado: CONFIRMADO
Preparando pedido para envío...
Empacando productos...
Generando guía de envío...
✓ Pedido ahora en estado: ENVIADO
Pedido 6: Enviado
✓ Pedido creado: PED-1007
✓ Item agregado al pedido
Procesando pedido pendiente...
Verificando inventario...
Reservando productos...
✓ Pedido ahora en estado: PROCESANDO
Confirmando pago del pedido...
Verificando transacción...
Pago aprobado...
✓ Pedido ahora en estado: CONFIRMADO
Preparando pedido para envío...
Empacando productos...
Generando guía de envío...
✓ Pedido ahora en estado: ENVIADO
Pedido 7: Enviado

--- Pedidos de la tarde ---
✓ Pedido creado: PED-1008
✓ Item agregado al pedido
Procesando pedido pendiente...
Verificando inventario...
Reservando productos...
✓ Pedido ahora en estado: PROCESANDO
Confirmando pago del pedido...
Verificando transacción...
Pago aprobado...
✓ Pedido ahora en estado: CONFIRMADO
Preparando pedido para envío...
Empacando productos...
Generando guía de envío...
✓ Pedido ahora en estado: ENVIADO
Entregando pedido al cliente...
Confirmando recepción...
Obteniendo firma...
✓ Pedido ahora en estado: ENTREGADO
Pedido 8: Entregado
✓ Pedido creado: PED-1009
✓ Item agregado al pedido
Procesando pedido pendiente...
Verificando inventario...
Reservando productos...
✓ Pedido ahora en estado: PROCESANDO
Confirmando pago del pedido...
Verificando transacción...
Pago aprobado...
✓ Pedido ahora en estado: CONFIRMADO
Preparando pedido para envío...
Empacando productos...
Generando guía de envío...
✓ Pedido ahora en estado: ENVIADO
Entregando pedido al cliente...
Confirmando recepción...
Obteniendo firma...
✓ Pedido ahora en estado: ENTREGADO
Pedido 9: Entregado
✓ Pedido creado: PED-1010
✓ Item agregado al pedido
Procesando pedido pendiente...
Verificando inventario...
Reservando productos...
✓ Pedido ahora en estado: PROCESANDO
Confirmando pago del pedido...
Verificando transacción...
Pago aprobado...
✓ Pedido ahora en estado: CONFIRMADO
Preparando pedido para envío...
Empacando productos...
Generando guía de envío...
✓ Pedido ahora en estado: ENVIADO
Entregando pedido al cliente...
Confirmando recepción...
Obteniendo firma...
✓ Pedido ahora en estado: ENTREGADO
Pedido 10: Entregado

═
═
═
═
═
═
═
═
═
═
═
═
═
═
═
═
═
═
═
═
═
═
═
═
═
═
═
═
═
═
═
═
═
═
═
═
═
═
═
═
═
═
═
═
═
═
═
═
═
═
CIERRE DEL DÍA - ESTADÍSTICAS
══════════════════════════════════════════════════
Total de pedidos: 10
Confirmados: 3
Enviados: 4
Entregados: 3
Total de ventas: $320000,00

✓ Día completo de operaciones finalizado
]]></system-out>
  </testcase>
</testsuite>