<?xml version="1.0" encoding="UTF-8"?>
<testsuite xmlns:xsi="http://www.w3.org/2001/XMLSchema-instance" xsi:noNamespaceSchemaLocation="https://maven.apache.org/surefire/maven-surefire-plugin/xsd/surefire-test-report-3.0.xsd" version="3.0" name="unit.Proxy.ProxyUnitTest" time="52.473" tests="20" errors="0" skipped="0" failures="0">
  <properties>
[...]
</properties>
  <testcase name="testRedimensionarReal" classname="unit.Proxy.ProxyUnitTest" time="1.031">
    <system-out><![CDATA[ImagenProductoReal: Redimensionando imagen a 800x600
ImagenProductoReal: Procesando imagen...
]]></system-out>
  </testcase>
  <testcase name="testCacheFuncional" classname="unit.Proxy.ProxyUnitTest" time="3.047">
    <system-out><![CDATA[ImagenProductoProxy: Acceso #1 registrado
ImagenProductoProxy: Verificando permisos de acceso...
ImagenProductoProxy: Iniciando carga lazy de imagen...
ImagenProductoReal: Cargando imagen de alta resolución desde disco...
Ruta: /images/productos/P001.jpg
ImagenProductoReal: Leyendo archivo desde disco...
ImagenProductoReal: Procesando imagen...
Imagen cargada: 5242880 bytes
ImagenProductoProxy: Guardando imagen en caché...
ImagenProductoProxy: Acceso #2 registrado
ImagenProductoProxy: Imagen ya en caché, carga instantánea
]]></system-out>
  </testcase>
  <testcase name="testObtenerTamanioProxy" classname="unit.Proxy.ProxyUnitTest" time="3.017">
    <system-out><![CDATA[ImagenProductoProxy: Acceso #1 registrado
ImagenProductoProxy: Acceso #2 registrado
ImagenProductoProxy: Verificando permisos de acceso...
ImagenProductoProxy: Iniciando carga lazy de imagen...
ImagenProductoReal: Cargando imagen de alta resolución desde disco...
Ruta: /images/productos/P001.jpg
ImagenProductoReal: Leyendo archivo desde disco...
ImagenProductoReal: Procesando imagen...
Imagen cargada: 5242880 bytes
ImagenProductoProxy: Guardando imagen en caché...
]]></system-out>
  </testcase>
  <testcase name="testCrearImagenReal" classname="unit.Proxy.ProxyUnitTest" time="0.002"/>
  <testcase name="testMostrarSinCargar" classname="unit.Proxy.ProxyUnitTest" time="3.036">
    <system-out><![CDATA[ImagenProductoProxy: Acceso #1 registrado
ImagenProductoProxy: Solicitando mostrar imagen...
ImagenProductoProxy: Acceso #2 registrado
ImagenProductoProxy: Verificando permisos de acceso...
ImagenProductoProxy: Iniciando carga lazy de imagen...
ImagenProductoReal: Cargando imagen de alta resolución desde disco...
Ruta: /images/productos/P001.jpg
ImagenProductoReal: Leyendo archivo desde disco...
ImagenProductoReal: Procesando imagen...
Imagen cargada: 5242880 bytes
ImagenProductoProxy: Guardando imagen en caché...
ImagenProductoReal: Mostrando imagen del producto P001
Dimensiones: 1920x1080
]]></system-out>
  </testcase>
  <testcase name="testLeerDesdeDisco" classname="unit.Proxy.ProxyUnitTest" time="3.028">
    <system-out><![CDATA[ImagenProductoProxy: Acceso #1 registrado
ImagenProductoProxy: Verificando permisos de acceso...
ImagenProductoProxy: Iniciando carga lazy de imagen...
ImagenProductoReal: Cargando imagen de alta resolución desde disco...
Ruta: /images/productos/P001.jpg
ImagenProductoReal: Leyendo archivo desde disco...
ImagenProductoReal: Procesando imagen...
Imagen cargada: 5242880 bytes
ImagenProductoProxy: Guardando imagen en caché...
ImagenProductoProxy: Lectura desde caché en memoria
]]></system-out>
  </testcase>
  <testcase name="testLimpiarCache" classname="unit.Proxy.ProxyUnitTest" time="3.009">
    <system-out><![CDATA[ImagenProductoProxy: Acceso #1 registrado
ImagenProductoProxy: Verificando permisos de acceso...
ImagenProductoProxy: Iniciando carga lazy de imagen...
ImagenProductoReal: Cargando imagen de alta resolución desde disco...
Ruta: /images/productos/P001.jpg
ImagenProductoReal: Leyendo archivo desde disco...
ImagenProductoReal: Procesando imagen...
Imagen cargada: 5242880 bytes
ImagenProductoProxy: Guardando imagen en caché...
ImagenProductoProxy: Limpiando caché...
]]></system-out>
  </testcase>
  <testcase name="testMostrarImagenReal" classname="unit.Proxy.ProxyUnitTest" time="3.018">
    <system-out><![CDATA[ImagenProductoReal: Cargando imagen de alta resolución desde disco...
Ruta: /images/P001.jpg
ImagenProductoReal: Leyendo archivo desde disco...
ImagenProductoReal: Procesando imagen...
Imagen cargada: 5242880 bytes
ImagenProductoReal: Mostrando imagen del producto P001
Dimensiones: 1920x1080
]]></system-out>
  </testcase>
  <testcase name="testCargarImagenReal" classname="unit.Proxy.ProxyUnitTest" time="3.023">
    <system-out><![CDATA[ImagenProductoReal: Cargando imagen de alta resolución desde disco...
Ruta: /images/P001.jpg
ImagenProductoReal: Leyendo archivo desde disco...
ImagenProductoReal: Procesando imagen...
Imagen cargada: 5242880 bytes
]]></system-out>
  </testcase>
  <testcase name="testProcesarImagen" classname="unit.Proxy.ProxyUnitTest" time="4.039">
    <system-out><![CDATA[ImagenProductoReal: Cargando imagen de alta resolución desde disco...
Ruta: /images/P001.jpg
ImagenProductoReal: Leyendo archivo desde disco...
ImagenProductoReal: Procesando imagen...
Imagen cargada: 5242880 bytes
ImagenProductoReal: Procesando imagen...
]]></system-out>
  </testcase>
  <testcase name="testObtenerDimensionesReal" classname="unit.Proxy.ProxyUnitTest" time="3.03">
    <system-out><![CDATA[ImagenProductoReal: Cargando imagen de alta resolución desde disco...
Ruta: /images/P001.jpg
ImagenProductoReal: Leyendo archivo desde disco...
ImagenProductoReal: Procesando imagen...
Imagen cargada: 5242880 bytes
]]></system-out>
  </testcase>
  <testcase name="testProcesarImagenProxy" classname="unit.Proxy.ProxyUnitTest" time="4.026">
    <system-out><![CDATA[ImagenProductoProxy: Acceso #1 registrado
ImagenProductoProxy: Procesamiento delegado a imagen real
ImagenProductoProxy: Acceso #2 registrado
ImagenProductoProxy: Verificando permisos de acceso...
ImagenProductoProxy: Iniciando carga lazy de imagen...
ImagenProductoReal: Cargando imagen de alta resolución desde disco...
Ruta: /images/productos/P001.jpg
ImagenProductoReal: Leyendo archivo desde disco...
ImagenProductoReal: Procesando imagen...
Imagen cargada: 5242880 bytes
ImagenProductoProxy: Guardando imagen en caché...
ImagenProductoReal: Procesando imagen...
]]></system-out>
  </testcase>
  <testcase name="testObtenerDimensionesSinCargar" classname="unit.Proxy.ProxyUnitTest" time="0.005">
    <system-out><![CDATA[ImagenProductoProxy: Acceso #1 registrado
ImagenProductoProxy: Retornando dimensiones sin cargar imagen completa
]]></system-out>
  </testcase>
  <testcase name="testContadorAccesos" classname="unit.Proxy.ProxyUnitTest" time="3.021">
    <system-out><![CDATA[ImagenProductoProxy: Acceso #1 registrado
ImagenProductoProxy: Solicitando mostrar imagen...
ImagenProductoProxy: Acceso #2 registrado
ImagenProductoProxy: Verificando permisos de acceso...
ImagenProductoProxy: Iniciando carga lazy de imagen...
ImagenProductoReal: Cargando imagen de alta resolución desde disco...
Ruta: /images/productos/P001.jpg
ImagenProductoReal: Leyendo archivo desde disco...
ImagenProductoReal: Procesando imagen...
Imagen cargada: 5242880 bytes
ImagenProductoProxy: Guardando imagen en caché...
ImagenProductoReal: Mostrando imagen del producto P001
Dimensiones: 1920x1080
ImagenProductoProxy: Acceso #3 registrado
ImagenProductoProxy: Imagen ya en caché, carga instantánea
]]></system-out>
  </testcase>
  <testcase name="testCrearProxy" classname="unit.Proxy.ProxyUnitTest" time="0.002"/>
  <testcase name="testCargarYMostrar" classname="unit.Proxy.ProxyUnitTest" time="3.023">
    <system-out><![CDATA[ImagenProductoProxy: Acceso #1 registrado
ImagenProductoProxy: Verificando permisos de acceso...
ImagenProductoProxy: Iniciando carga lazy de imagen...
ImagenProductoReal: Cargando imagen de alta resolución desde disco...
Ruta: /images/productos/P001.jpg
ImagenProductoReal: Leyendo archivo desde disco...
ImagenProductoReal: Procesando imagen...
Imagen cargada: 5242880 bytes
ImagenProductoProxy: Guardando imagen en caché...
ImagenProductoProxy: Acceso #2 registrado
ImagenProductoProxy: Solicitando mostrar imagen...
ImagenProductoProxy: Lectura desde caché en memoria
ImagenProductoProxy: Imagen obtenida desde caché
ImagenProductoProxy: Mostrando miniatura desde proxy
]]></system-out>
  </testcase>
  <testcase name="testObtenerTamanioReal" classname="unit.Proxy.ProxyUnitTest" time="3.018">
    <system-out><![CDATA[ImagenProductoReal: Cargando imagen de alta resolución desde disco...
Ruta: /images/P001.jpg
ImagenProductoReal: Leyendo archivo desde disco...
ImagenProductoReal: Procesando imagen...
Imagen cargada: 5242880 bytes
]]></system-out>
  </testcase>
  <testcase name="testRedimensionarProxy" classname="unit.Proxy.ProxyUnitTest" time="4.038">
    <system-out><![CDATA[ImagenProductoProxy: Acceso #1 registrado
ImagenProductoProxy: Redireccionando operación de redimensionar...
ImagenProductoProxy: Acceso #2 registrado
ImagenProductoProxy: Verificando permisos de acceso...
ImagenProductoProxy: Iniciando carga lazy de imagen...
ImagenProductoReal: Cargando imagen de alta resolución desde disco...
Ruta: /images/productos/P001.jpg
ImagenProductoReal: Leyendo archivo desde disco...
ImagenProductoReal: Procesando imagen...
Imagen cargada: 5242880 bytes
ImagenProductoProxy: Guardando imagen en caché...
ImagenProductoReal: Redimensionando imagen a 800x600
ImagenProductoReal: Procesando imagen...
ImagenProductoProxy: Guardando imagen en caché...
]]></system-out>
  </testcase>
  <testcase name="testMultiplesAccesosConCache" classname="unit.Proxy.ProxyUnitTest" time="3.027">
    <system-out><![CDATA[ImagenProductoProxy: Acceso #1 registrado
ImagenProductoProxy: Solicitando mostrar imagen...
ImagenProductoProxy: Acceso #2 registrado
ImagenProductoProxy: Verificando permisos de acceso...
ImagenProductoProxy: Iniciando carga lazy de imagen...
ImagenProductoReal: Cargando imagen de alta resolución desde disco...
Ruta: /images/productos/P001.jpg
ImagenProductoReal: Leyendo archivo desde disco...
ImagenProductoReal: Procesando imagen...
Imagen cargada: 5242880 bytes
ImagenProductoProxy: Guardando imagen en caché...
ImagenProductoReal: Mostrando imagen del producto P001
Dimensiones: 1920x1080
ImagenProductoProxy: Acceso #3 registrado
ImagenProductoProxy: Solicitando mostrar imagen...
ImagenProductoProxy: Lectura desde caché en memoria
ImagenProductoProxy: Imagen obtenida desde caché
ImagenProductoProxy: Mostrando miniatura desde proxy
ImagenProductoProxy: Acceso #4 registrado
ImagenProductoProxy: Obteniendo tamano desde caché
]]></system-out>
  </testcase>
  <testcase name="testLazyLoading" classname="unit.Proxy.ProxyUnitTest" time="3.012">
    <system-out><![CDATA[ImagenProductoProxy: Acceso #1 registrado
ImagenProductoProxy: Verificando permisos de acceso...
ImagenProductoProxy: Iniciando carga lazy de imagen...
ImagenProductoReal: Cargando imagen de alta resolución desde disco...
Ruta: /images/productos/P001.jpg
ImagenProductoReal: Leyendo archivo desde disco...
ImagenProductoReal: Procesando imagen...
Imagen cargada: 5242880 bytes
ImagenProductoProxy: Guardando imagen en caché...
]]></system-out>
  </testcase>
</testsuite>