<?xml version="1.0" encoding="UTF-8"?>
<testsuite xmlns:xsi="http://www.w3.org/2001/XMLSchema-instance" xsi:noNamespaceSchemaLocation="https://maven.apache.org/surefire/maven-surefire-plugin/xsd/surefire-test-report-3.0.xsd" version="3.0" name="Integration.Proxy.ProxyIntegrationTest" time="86.323" tests="10" errors="0" skipped="0" failures="0">
  <properties>
[...]
</properties>
  <testcase name="testCacheFuncionaEntreOperaciones" classname="Integration.Proxy.ProxyIntegrationTest" time="3.062">
    <system-out><![CDATA[ImagenProductoProxy: Acceso #1 registrado
ImagenProductoProxy: Verificando permisos de acceso...
ImagenProductoProxy: Iniciando carga lazy de imagen...
ImagenProductoReal: Cargando imagen de alta resolución desde disco...
Ruta: /images/productos/P001.jpg
ImagenProductoReal: Leyendo archivo desde disco...
ImagenProductoReal: Procesando imagen...
Imagen cargada: 5242880 bytes
ImagenProductoProxy: Guardando imagen en caché...
ImagenProductoProxy: Lectura desde caché en memoria
ImagenProductoProxy: Limpiando caché...
]]></system-out>
  </testcase>
  <testcase name="testControllerMuestraCatalogoLazy" classname="Integration.Proxy.ProxyIntegrationTest" time="30.331">
    <system-out><![CDATA[Producto agregado al catálogo: P001
Producto agregado al catálogo: P002
Producto agregado al catálogo: P003
Producto agregado al catálogo: P004
Producto agregado al catálogo: P005
Producto agregado al catálogo: P006
Producto agregado al catálogo: P007
Producto agregado al catálogo: P008
Producto agregado al catálogo: P009
Producto agregado al catálogo: P0010

=== Mostrando catálogo ===
ImagenProductoProxy: Acceso #1 registrado
ImagenProductoProxy: Solicitando mostrar imagen...
ImagenProductoProxy: Acceso #2 registrado
ImagenProductoProxy: Verificando permisos de acceso...
ImagenProductoProxy: Iniciando carga lazy de imagen...
ImagenProductoReal: Cargando imagen de alta resolución desde disco...
Ruta: /images/productos/P001.jpg
ImagenProductoReal: Leyendo archivo desde disco...
ImagenProductoReal: Procesando imagen...
Imagen cargada: 5242880 bytes
ImagenProductoProxy: Guardando imagen en caché...
ImagenProductoReal: Mostrando imagen del producto P001
Dimensiones: 1920x1080
ImagenProductoProxy: Acceso #1 registrado
ImagenProductoProxy: Solicitando mostrar imagen...
ImagenProductoProxy: Acceso #2 registrado
ImagenProductoProxy: Verificando permisos de acceso...
ImagenProductoProxy: Iniciando carga lazy de imagen...
ImagenProductoReal: Cargando imagen de alta resolución desde disco...
Ruta: /images/productos/P002.jpg
ImagenProductoReal: Leyendo archivo desde disco...
ImagenProductoReal: Procesando imagen...
Imagen cargada: 5242880 bytes
ImagenProductoProxy: Guardando imagen en caché...
ImagenProductoReal: Mostrando imagen del producto P002
Dimensiones: 1920x1080
ImagenProductoProxy: Acceso #1 registrado
ImagenProductoProxy: Solicitando mostrar imagen...
ImagenProductoProxy: Acceso #2 registrado
ImagenProductoProxy: Verificando permisos de acceso...
ImagenProductoProxy: Iniciando carga lazy de imagen...
ImagenProductoReal: Cargando imagen de alta resolución desde disco...
Ruta: /images/productos/P003.jpg
ImagenProductoReal: Leyendo archivo desde disco...
ImagenProductoReal: Procesando imagen...
Imagen cargada: 5242880 bytes
ImagenProductoProxy: Guardando imagen en caché...
ImagenProductoReal: Mostrando imagen del producto P003
Dimensiones: 1920x1080
ImagenProductoProxy: Acceso #1 registrado
ImagenProductoProxy: Solicitando mostrar imagen...
ImagenProductoProxy: Acceso #2 registrado
ImagenProductoProxy: Verificando permisos de acceso...
ImagenProductoProxy: Iniciando carga lazy de imagen...
ImagenProductoReal: Cargando imagen de alta resolución desde disco...
Ruta: /images/productos/P004.jpg
ImagenProductoReal: Leyendo archivo desde disco...
ImagenProductoReal: Procesando imagen...
Imagen cargada: 5242880 bytes
ImagenProductoProxy: Guardando imagen en caché...
ImagenProductoReal: Mostrando imagen del producto P004
Dimensiones: 1920x1080
ImagenProductoProxy: Acceso #1 registrado
ImagenProductoProxy: Solicitando mostrar imagen...
ImagenProductoProxy: Acceso #2 registrado
ImagenProductoProxy: Verificando permisos de acceso...
ImagenProductoProxy: Iniciando carga lazy de imagen...
ImagenProductoReal: Cargando imagen de alta resolución desde disco...
Ruta: /images/productos/P005.jpg
ImagenProductoReal: Leyendo archivo desde disco...
ImagenProductoReal: Procesando imagen...
Imagen cargada: 5242880 bytes
ImagenProductoProxy: Guardando imagen en caché...
ImagenProductoReal: Mostrando imagen del producto P005
Dimensiones: 1920x1080
ImagenProductoProxy: Acceso #1 registrado
ImagenProductoProxy: Solicitando mostrar imagen...
ImagenProductoProxy: Acceso #2 registrado
ImagenProductoProxy: Verificando permisos de acceso...
ImagenProductoProxy: Iniciando carga lazy de imagen...
ImagenProductoReal: Cargando imagen de alta resolución desde disco...
Ruta: /images/productos/P006.jpg
ImagenProductoReal: Leyendo archivo desde disco...
ImagenProductoReal: Procesando imagen...
Imagen cargada: 5242880 bytes
ImagenProductoProxy: Guardando imagen en caché...
ImagenProductoReal: Mostrando imagen del producto P006
Dimensiones: 1920x1080
ImagenProductoProxy: Acceso #1 registrado
ImagenProductoProxy: Solicitando mostrar imagen...
ImagenProductoProxy: Acceso #2 registrado
ImagenProductoProxy: Verificando permisos de acceso...
ImagenProductoProxy: Iniciando carga lazy de imagen...
ImagenProductoReal: Cargando imagen de alta resolución desde disco...
Ruta: /images/productos/P007.jpg
ImagenProductoReal: Leyendo archivo desde disco...
ImagenProductoReal: Procesando imagen...
Imagen cargada: 5242880 bytes
ImagenProductoProxy: Guardando imagen en caché...
ImagenProductoReal: Mostrando imagen del producto P007
Dimensiones: 1920x1080
ImagenProductoProxy: Acceso #1 registrado
ImagenProductoProxy: Solicitando mostrar imagen...
ImagenProductoProxy: Acceso #2 registrado
ImagenProductoProxy: Verificando permisos de acceso...
ImagenProductoProxy: Iniciando carga lazy de imagen...
ImagenProductoReal: Cargando imagen de alta resolución desde disco...
Ruta: /images/productos/P008.jpg
ImagenProductoReal: Leyendo archivo desde disco...
ImagenProductoReal: Procesando imagen...
Imagen cargada: 5242880 bytes
ImagenProductoProxy: Guardando imagen en caché...
ImagenProductoReal: Mostrando imagen del producto P008
Dimensiones: 1920x1080
ImagenProductoProxy: Acceso #1 registrado
ImagenProductoProxy: Solicitando mostrar imagen...
ImagenProductoProxy: Acceso #2 registrado
ImagenProductoProxy: Verificando permisos de acceso...
ImagenProductoProxy: Iniciando carga lazy de imagen...
ImagenProductoReal: Cargando imagen de alta resolución desde disco...
Ruta: /images/productos/P009.jpg
ImagenProductoReal: Leyendo archivo desde disco...
ImagenProductoReal: Procesando imagen...
Imagen cargada: 5242880 bytes
ImagenProductoProxy: Guardando imagen en caché...
ImagenProductoReal: Mostrando imagen del producto P009
Dimensiones: 1920x1080
ImagenProductoProxy: Acceso #1 registrado
ImagenProductoProxy: Solicitando mostrar imagen...
ImagenProductoProxy: Acceso #2 registrado
ImagenProductoProxy: Verificando permisos de acceso...
ImagenProductoProxy: Iniciando carga lazy de imagen...
ImagenProductoReal: Cargando imagen de alta resolución desde disco...
Ruta: /images/productos/P0010.jpg
ImagenProductoReal: Leyendo archivo desde disco...
ImagenProductoReal: Procesando imagen...
Imagen cargada: 5242880 bytes
ImagenProductoProxy: Guardando imagen en caché...
ImagenProductoReal: Mostrando imagen del producto P0010
Dimensiones: 1920x1080
]]></system-out>
  </testcase>
  <testcase name="testControllerManejaIndicesInvalidos" classname="Integration.Proxy.ProxyIntegrationTest" time="0.075">
    <system-out><![CDATA[Producto agregado al catálogo: P001
]]></system-out>
    <system-err><![CDATA[ERROR: Índice inválido
ERROR: Índice inválido
]]></system-err>
  </testcase>
  <testcase name="testControllerCargaImagenEspecifica" classname="Integration.Proxy.ProxyIntegrationTest" time="3.123">
    <system-out><![CDATA[Producto agregado al catálogo: P001
Producto agregado al catálogo: P002
ImagenProductoProxy: Acceso #1 registrado
ImagenProductoProxy: Verificando permisos de acceso...
ImagenProductoProxy: Iniciando carga lazy de imagen...
ImagenProductoReal: Cargando imagen de alta resolución desde disco...
Ruta: /images/productos/P001.jpg
ImagenProductoReal: Leyendo archivo desde disco...
ImagenProductoReal: Procesando imagen...
Imagen cargada: 5242880 bytes
ImagenProductoProxy: Guardando imagen en caché...
]]></system-out>
  </testcase>
  <testcase name="testAhorroMemoriaLazyLoading" classname="Integration.Proxy.ProxyIntegrationTest" time="30.5">
    <system-out><![CDATA[ImagenProductoProxy: Acceso #1 registrado
ImagenProductoProxy: Verificando permisos de acceso...
ImagenProductoProxy: Iniciando carga lazy de imagen...
ImagenProductoReal: Cargando imagen de alta resolución desde disco...
Ruta: /images/productos/P000.jpg
ImagenProductoReal: Leyendo archivo desde disco...
ImagenProductoReal: Procesando imagen...
Imagen cargada: 5242880 bytes
ImagenProductoProxy: Guardando imagen en caché...
ImagenProductoProxy: Acceso #1 registrado
ImagenProductoProxy: Verificando permisos de acceso...
ImagenProductoProxy: Iniciando carga lazy de imagen...
ImagenProductoReal: Cargando imagen de alta resolución desde disco...
Ruta: /images/productos/P001.jpg
ImagenProductoReal: Leyendo archivo desde disco...
ImagenProductoReal: Procesando imagen...
Imagen cargada: 5242880 bytes
ImagenProductoProxy: Guardando imagen en caché...
ImagenProductoProxy: Acceso #1 registrado
ImagenProductoProxy: Verificando permisos de acceso...
ImagenProductoProxy: Iniciando carga lazy de imagen...
ImagenProductoReal: Cargando imagen de alta resolución desde disco...
Ruta: /images/productos/P002.jpg
ImagenProductoReal: Leyendo archivo desde disco...
ImagenProductoReal: Procesando imagen...
Imagen cargada: 5242880 bytes
ImagenProductoProxy: Guardando imagen en caché...
ImagenProductoProxy: Acceso #1 registrado
ImagenProductoProxy: Verificando permisos de acceso...
ImagenProductoProxy: Iniciando carga lazy de imagen...
ImagenProductoReal: Cargando imagen de alta resolución desde disco...
Ruta: /images/productos/P003.jpg
ImagenProductoReal: Leyendo archivo desde disco...
ImagenProductoReal: Procesando imagen...
Imagen cargada: 5242880 bytes
ImagenProductoProxy: Guardando imagen en caché...
ImagenProductoProxy: Acceso #1 registrado
ImagenProductoProxy: Verificando permisos de acceso...
ImagenProductoProxy: Iniciando carga lazy de imagen...
ImagenProductoReal: Cargando imagen de alta resolución desde disco...
Ruta: /images/productos/P004.jpg
ImagenProductoReal: Leyendo archivo desde disco...
ImagenProductoReal: Procesando imagen...
Imagen cargada: 5242880 bytes
ImagenProductoProxy: Guardando imagen en caché...
ImagenProductoProxy: Acceso #1 registrado
ImagenProductoProxy: Verificando permisos de acceso...
ImagenProductoProxy: Iniciando carga lazy de imagen...
ImagenProductoReal: Cargando imagen de alta resolución desde disco...
Ruta: /images/productos/P005.jpg
ImagenProductoReal: Leyendo archivo desde disco...
ImagenProductoReal: Procesando imagen...
Imagen cargada: 5242880 bytes
ImagenProductoProxy: Guardando imagen en caché...
ImagenProductoProxy: Acceso #1 registrado
ImagenProductoProxy: Verificando permisos de acceso...
ImagenProductoProxy: Iniciando carga lazy de imagen...
ImagenProductoReal: Cargando imagen de alta resolución desde disco...
Ruta: /images/productos/P006.jpg
ImagenProductoReal: Leyendo archivo desde disco...
ImagenProductoReal: Procesando imagen...
Imagen cargada: 5242880 bytes
ImagenProductoProxy: Guardando imagen en caché...
ImagenProductoProxy: Acceso #1 registrado
ImagenProductoProxy: Verificando permisos de acceso...
ImagenProductoProxy: Iniciando carga lazy de imagen...
ImagenProductoReal: Cargando imagen de alta resolución desde disco...
Ruta: /images/productos/P007.jpg
ImagenProductoReal: Leyendo archivo desde disco...
ImagenProductoReal: Procesando imagen...
Imagen cargada: 5242880 bytes
ImagenProductoProxy: Guardando imagen en caché...
ImagenProductoProxy: Acceso #1 registrado
ImagenProductoProxy: Verificando permisos de acceso...
ImagenProductoProxy: Iniciando carga lazy de imagen...
ImagenProductoReal: Cargando imagen de alta resolución desde disco...
Ruta: /images/productos/P008.jpg
ImagenProductoReal: Leyendo archivo desde disco...
ImagenProductoReal: Procesando imagen...
Imagen cargada: 5242880 bytes
ImagenProductoProxy: Guardando imagen en caché...
ImagenProductoProxy: Acceso #1 registrado
ImagenProductoProxy: Verificando permisos de acceso...
ImagenProductoProxy: Iniciando carga lazy de imagen...
ImagenProductoReal: Cargando imagen de alta resolución desde disco...
Ruta: /images/productos/P009.jpg
ImagenProductoReal: Leyendo archivo desde disco...
ImagenProductoReal: Procesando imagen...
Imagen cargada: 5242880 bytes
ImagenProductoProxy: Guardando imagen en caché...
]]></system-out>
  </testcase>
  <testcase name="testMultiplesProxiesIndependientes" classname="Integration.Proxy.ProxyIntegrationTest" time="3.014">
    <system-out><![CDATA[ImagenProductoProxy: Acceso #1 registrado
ImagenProductoProxy: Verificando permisos de acceso...
ImagenProductoProxy: Iniciando carga lazy de imagen...
ImagenProductoReal: Cargando imagen de alta resolución desde disco...
Ruta: /images/productos/P001.jpg
ImagenProductoReal: Leyendo archivo desde disco...
ImagenProductoReal: Procesando imagen...
Imagen cargada: 5242880 bytes
ImagenProductoProxy: Guardando imagen en caché...
]]></system-out>
  </testcase>
  <testcase name="testProxyDelegaAObjetoReal" classname="Integration.Proxy.ProxyIntegrationTest" time="5.067">
    <system-out><![CDATA[ImagenProductoProxy: Acceso #1 registrado
ImagenProductoProxy: Verificando permisos de acceso...
ImagenProductoProxy: Iniciando carga lazy de imagen...
ImagenProductoReal: Cargando imagen de alta resolución desde disco...
Ruta: /images/productos/P001.jpg
ImagenProductoReal: Leyendo archivo desde disco...
ImagenProductoReal: Procesando imagen...
Imagen cargada: 5242880 bytes
ImagenProductoProxy: Guardando imagen en caché...
ImagenProductoProxy: Acceso #2 registrado
ImagenProductoProxy: Solicitando mostrar imagen...
ImagenProductoProxy: Lectura desde caché en memoria
ImagenProductoProxy: Imagen obtenida desde caché
ImagenProductoProxy: Mostrando miniatura desde proxy
ImagenProductoProxy: Acceso #3 registrado
ImagenProductoProxy: Redireccionando operación de redimensionar...
ImagenProductoReal: Redimensionando imagen a 800x600
ImagenProductoReal: Procesando imagen...
ImagenProductoProxy: Guardando imagen en caché...
ImagenProductoProxy: Acceso #4 registrado
ImagenProductoProxy: Procesamiento delegado a imagen real
ImagenProductoReal: Procesando imagen...
]]></system-out>
  </testcase>
  <testcase name="testControllerGestionaCatalogo" classname="Integration.Proxy.ProxyIntegrationTest" time="0.006">
    <system-out><![CDATA[Producto agregado al catálogo: P001
Producto agregado al catálogo: P002
Producto agregado al catálogo: P003
]]></system-out>
  </testcase>
  <testcase name="testLoggingAccesos" classname="Integration.Proxy.ProxyIntegrationTest" time="5.057">
    <system-out><![CDATA[ImagenProductoProxy: Acceso #1 registrado
ImagenProductoProxy: Solicitando mostrar imagen...
ImagenProductoProxy: Acceso #2 registrado
ImagenProductoProxy: Verificando permisos de acceso...
ImagenProductoProxy: Iniciando carga lazy de imagen...
ImagenProductoReal: Cargando imagen de alta resolución desde disco...
Ruta: /images/productos/P001.jpg
ImagenProductoReal: Leyendo archivo desde disco...
ImagenProductoReal: Procesando imagen...
Imagen cargada: 5242880 bytes
ImagenProductoProxy: Guardando imagen en caché...
ImagenProductoReal: Mostrando imagen del producto P001
Dimensiones: 1920x1080
ImagenProductoProxy: Acceso #3 registrado
ImagenProductoProxy: Imagen ya en caché, carga instantánea
ImagenProductoProxy: Acceso #4 registrado
ImagenProductoProxy: Obteniendo tamano desde caché
ImagenProductoProxy: Acceso #5 registrado
ImagenProductoProxy: Redireccionando operación de redimensionar...
ImagenProductoReal: Redimensionando imagen a 800x600
ImagenProductoReal: Procesando imagen...
ImagenProductoProxy: Guardando imagen en caché...
ImagenProductoProxy: Acceso #6 registrado
ImagenProductoProxy: Procesamiento delegado a imagen real
ImagenProductoReal: Procesando imagen...
]]></system-out>
  </testcase>
  <testcase name="testPerformanceCacheVsSinCache" classname="Integration.Proxy.ProxyIntegrationTest" time="6.05">
    <system-out><![CDATA[ImagenProductoReal: Cargando imagen de alta resolución desde disco...
Ruta: /images/P001.jpg
ImagenProductoReal: Leyendo archivo desde disco...
ImagenProductoReal: Procesando imagen...
Imagen cargada: 5242880 bytes
ImagenProductoReal: Mostrando imagen del producto P001
Dimensiones: 1920x1080
ImagenProductoProxy: Acceso #1 registrado
ImagenProductoProxy: Verificando permisos de acceso...
ImagenProductoProxy: Iniciando carga lazy de imagen...
ImagenProductoReal: Cargando imagen de alta resolución desde disco...
Ruta: /images/productos/P001.jpg
ImagenProductoReal: Leyendo archivo desde disco...
ImagenProductoReal: Procesando imagen...
Imagen cargada: 5242880 bytes
ImagenProductoProxy: Guardando imagen en caché...
ImagenProductoProxy: Acceso #2 registrado
ImagenProductoProxy: Solicitando mostrar imagen...
ImagenProductoProxy: Lectura desde caché en memoria
ImagenProductoProxy: Imagen obtenida desde caché
ImagenProductoProxy: Mostrando miniatura desde proxy
ImagenProductoProxy: Acceso #3 registrado
ImagenProductoProxy: Obteniendo tamano desde caché
ImagenProductoProxy: Lectura desde caché en memoria
]]></system-out>
  </testcase>
</testsuite>