<?xml version="1.0" encoding="UTF-8"?>
<testsuite xmlns:xsi="http://www.w3.org/2001/XMLSchema-instance" xsi:noNamespaceSchemaLocation="https://maven.apache.org/surefire/maven-surefire-plugin/xsd/surefire-test-report-3.0.xsd" version="3.0" name="e2e.Proxy.ProxyE2ETest" time="6262.351" tests="7" errors="0" skipped="0" failures="0">
  <properties>
[...]
</properties>
  <testcase name="testUsuarioNavegaCatalogo" classname="e2e.Proxy.ProxyE2ETest" time="60.651">
    <system-out><![CDATA[
=== ESCENARIO E2E: NAVEGACIÓN DE CATÁLOGO ===

Usuario abre la aplicación de catálogo...

Cargando catálogo con 20 productos...
Producto agregado al catálogo: PROD001
Producto agregado al catálogo: PROD002
Producto agregado al catálogo: PROD003
Producto agregado al catálogo: PROD004
Producto agregado al catálogo: PROD005
Producto agregado al catálogo: PROD006
Producto agregado al catálogo: PROD007
Producto agregado al catálogo: PROD008
Producto agregado al catálogo: PROD009
Producto agregado al catálogo: PROD010
Producto agregado al catálogo: PROD011
Producto agregado al catálogo: PROD012
Producto agregado al catálogo: PROD013
Producto agregado al catálogo: PROD014
Producto agregado al catálogo: PROD015
Producto agregado al catálogo: PROD016
Producto agregado al catálogo: PROD017
Producto agregado al catálogo: PROD018
Producto agregado al catálogo: PROD019
Producto agregado al catálogo: PROD020
✓ Catálogo cargado con 20 productos

Usuario visualiza lista de productos...

=== Mostrando catálogo ===
ImagenProductoProxy: Acceso #1 registrado
ImagenProductoProxy: Solicitando mostrar imagen...
ImagenProductoProxy: Acceso #2 registrado
ImagenProductoProxy: Verificando permisos de acceso...
ImagenProductoProxy: Iniciando carga lazy de imagen...
ImagenProductoReal: Cargando imagen de alta resolución desde disco...
Ruta: /images/productos/PROD001.jpg
ImagenProductoReal: Leyendo archivo desde disco...
ImagenProductoReal: Procesando imagen...
Imagen cargada: 5242880 bytes
ImagenProductoProxy: Guardando imagen en caché...
ImagenProductoReal: Mostrando imagen del producto PROD001
Dimensiones: 1920x1080
ImagenProductoProxy: Acceso #1 registrado
ImagenProductoProxy: Solicitando mostrar imagen...
ImagenProductoProxy: Acceso #2 registrado
ImagenProductoProxy: Verificando permisos de acceso...
ImagenProductoProxy: Iniciando carga lazy de imagen...
ImagenProductoReal: Cargando imagen de alta resolución desde disco...
Ruta: /images/productos/PROD002.jpg
ImagenProductoReal: Leyendo archivo desde disco...
ImagenProductoReal: Procesando imagen...
Imagen cargada: 5242880 bytes
ImagenProductoProxy: Guardando imagen en caché...
ImagenProductoReal: Mostrando imagen del producto PROD002
Dimensiones: 1920x1080
ImagenProductoProxy: Acceso #1 registrado
ImagenProductoProxy: Solicitando mostrar imagen...
ImagenProductoProxy: Acceso #2 registrado
ImagenProductoProxy: Verificando permisos de acceso...
ImagenProductoProxy: Iniciando carga lazy de imagen...
ImagenProductoReal: Cargando imagen de alta resolución desde disco...
Ruta: /images/productos/PROD003.jpg
ImagenProductoReal: Leyendo archivo desde disco...
ImagenProductoReal: Procesando imagen...
Imagen cargada: 5242880 bytes
ImagenProductoProxy: Guardando imagen en caché...
ImagenProductoReal: Mostrando imagen del producto PROD003
Dimensiones: 1920x1080
ImagenProductoProxy: Acceso #1 registrado
ImagenProductoProxy: Solicitando mostrar imagen...
ImagenProductoProxy: Acceso #2 registrado
ImagenProductoProxy: Verificando permisos de acceso...
ImagenProductoProxy: Iniciando carga lazy de imagen...
ImagenProductoReal: Cargando imagen de alta resolución desde disco...
Ruta: /images/productos/PROD004.jpg
ImagenProductoReal: Leyendo archivo desde disco...
ImagenProductoReal: Procesando imagen...
Imagen cargada: 5242880 bytes
ImagenProductoProxy: Guardando imagen en caché...
ImagenProductoReal: Mostrando imagen del producto PROD004
Dimensiones: 1920x1080
ImagenProductoProxy: Acceso #1 registrado
ImagenProductoProxy: Solicitando mostrar imagen...
ImagenProductoProxy: Acceso #2 registrado
ImagenProductoProxy: Verificando permisos de acceso...
ImagenProductoProxy: Iniciando carga lazy de imagen...
ImagenProductoReal: Cargando imagen de alta resolución desde disco...
Ruta: /images/productos/PROD005.jpg
ImagenProductoReal: Leyendo archivo desde disco...
ImagenProductoReal: Procesando imagen...
Imagen cargada: 5242880 bytes
ImagenProductoProxy: Guardando imagen en caché...
ImagenProductoReal: Mostrando imagen del producto PROD005
Dimensiones: 1920x1080
ImagenProductoProxy: Acceso #1 registrado
ImagenProductoProxy: Solicitando mostrar imagen...
ImagenProductoProxy: Acceso #2 registrado
ImagenProductoProxy: Verificando permisos de acceso...
ImagenProductoProxy: Iniciando carga lazy de imagen...
ImagenProductoReal: Cargando imagen de alta resolución desde disco...
Ruta: /images/productos/PROD006.jpg
ImagenProductoReal: Leyendo archivo desde disco...
ImagenProductoReal: Procesando imagen...
Imagen cargada: 5242880 bytes
ImagenProductoProxy: Guardando imagen en caché...
ImagenProductoReal: Mostrando imagen del producto PROD006
Dimensiones: 1920x1080
ImagenProductoProxy: Acceso #1 registrado
ImagenProductoProxy: Solicitando mostrar imagen...
ImagenProductoProxy: Acceso #2 registrado
ImagenProductoProxy: Verificando permisos de acceso...
ImagenProductoProxy: Iniciando carga lazy de imagen...
ImagenProductoReal: Cargando imagen de alta resolución desde disco...
Ruta: /images/productos/PROD007.jpg
ImagenProductoReal: Leyendo archivo desde disco...
ImagenProductoReal: Procesando imagen...
Imagen cargada: 5242880 bytes
ImagenProductoProxy: Guardando imagen en caché...
ImagenProductoReal: Mostrando imagen del producto PROD007
Dimensiones: 1920x1080
ImagenProductoProxy: Acceso #1 registrado
ImagenProductoProxy: Solicitando mostrar imagen...
ImagenProductoProxy: Acceso #2 registrado
ImagenProductoProxy: Verificando permisos de acceso...
ImagenProductoProxy: Iniciando carga lazy de imagen...
ImagenProductoReal: Cargando imagen de alta resolución desde disco...
Ruta: /images/productos/PROD008.jpg
ImagenProductoReal: Leyendo archivo desde disco...
ImagenProductoReal: Procesando imagen...
Imagen cargada: 5242880 bytes
ImagenProductoProxy: Guardando imagen en caché...
ImagenProductoReal: Mostrando imagen del producto PROD008
Dimensiones: 1920x1080
ImagenProductoProxy: Acceso #1 registrado
ImagenProductoProxy: Solicitando mostrar imagen...
ImagenProductoProxy: Acceso #2 registrado
ImagenProductoProxy: Verificando permisos de acceso...
ImagenProductoProxy: Iniciando carga lazy de imagen...
ImagenProductoReal: Cargando imagen de alta resolución desde disco...
Ruta: /images/productos/PROD009.jpg
ImagenProductoReal: Leyendo archivo desde disco...
ImagenProductoReal: Procesando imagen...
Imagen cargada: 5242880 bytes
ImagenProductoProxy: Guardando imagen en caché...
ImagenProductoReal: Mostrando imagen del producto PROD009
Dimensiones: 1920x1080
ImagenProductoProxy: Acceso #1 registrado
ImagenProductoProxy: Solicitando mostrar imagen...
ImagenProductoProxy: Acceso #2 registrado
ImagenProductoProxy: Verificando permisos de acceso...
ImagenProductoProxy: Iniciando carga lazy de imagen...
ImagenProductoReal: Cargando imagen de alta resolución desde disco...
Ruta: /images/productos/PROD010.jpg
ImagenProductoReal: Leyendo archivo desde disco...
ImagenProductoReal: Procesando imagen...
Imagen cargada: 5242880 bytes
ImagenProductoProxy: Guardando imagen en caché...
ImagenProductoReal: Mostrando imagen del producto PROD010
Dimensiones: 1920x1080
ImagenProductoProxy: Acceso #1 registrado
ImagenProductoProxy: Solicitando mostrar imagen...
ImagenProductoProxy: Acceso #2 registrado
ImagenProductoProxy: Verificando permisos de acceso...
ImagenProductoProxy: Iniciando carga lazy de imagen...
ImagenProductoReal: Cargando imagen de alta resolución desde disco...
Ruta: /images/productos/PROD011.jpg
ImagenProductoReal: Leyendo archivo desde disco...
ImagenProductoReal: Procesando imagen...
Imagen cargada: 5242880 bytes
ImagenProductoProxy: Guardando imagen en caché...
ImagenProductoReal: Mostrando imagen del producto PROD011
Dimensiones: 1920x1080
ImagenProductoProxy: Acceso #1 registrado
ImagenProductoProxy: Solicitando mostrar imagen...
ImagenProductoProxy: Acceso #2 registrado
ImagenProductoProxy: Verificando permisos de acceso...
ImagenProductoProxy: Iniciando carga lazy de imagen...
ImagenProductoReal: Cargando imagen de alta resolución desde disco...
Ruta: /images/productos/PROD012.jpg
ImagenProductoReal: Leyendo archivo desde disco...
ImagenProductoReal: Procesando imagen...
Imagen cargada: 5242880 bytes
ImagenProductoProxy: Guardando imagen en caché...
ImagenProductoReal: Mostrando imagen del producto PROD012
Dimensiones: 1920x1080
ImagenProductoProxy: Acceso #1 registrado
ImagenProductoProxy: Solicitando mostrar imagen...
ImagenProductoProxy: Acceso #2 registrado
ImagenProductoProxy: Verificando permisos de acceso...
ImagenProductoProxy: Iniciando carga lazy de imagen...
ImagenProductoReal: Cargando imagen de alta resolución desde disco...
Ruta: /images/productos/PROD013.jpg
ImagenProductoReal: Leyendo archivo desde disco...
ImagenProductoReal: Procesando imagen...
Imagen cargada: 5242880 bytes
ImagenProductoProxy: Guardando imagen en caché...
ImagenProductoReal: Mostrando imagen del producto PROD013
Dimensiones: 1920x1080
ImagenProductoProxy: Acceso #1 registrado
ImagenProductoProxy: Solicitando mostrar imagen...
ImagenProductoProxy: Acceso #2 registrado
ImagenProductoProxy: Verificando permisos de acceso...
ImagenProductoProxy: Iniciando carga lazy de imagen...
ImagenProductoReal: Cargando imagen de alta resolución desde disco...
Ruta: /images/productos/PROD014.jpg
ImagenProductoReal: Leyendo archivo desde disco...
ImagenProductoReal: Procesando imagen...
Imagen cargada: 5242880 bytes
ImagenProductoProxy: Guardando imagen en caché...
ImagenProductoReal: Mostrando imagen del producto PROD014
Dimensiones: 1920x1080
ImagenProductoProxy: Acceso #1 registrado
ImagenProductoProxy: Solicitando mostrar imagen...
ImagenProductoProxy: Acceso #2 registrado
ImagenProductoProxy: Verificando permisos de acceso...
ImagenProductoProxy: Iniciando carga lazy de imagen...
ImagenProductoReal: Cargando imagen de alta resolución desde disco...
Ruta: /images/productos/PROD015.jpg
ImagenProductoReal: Leyendo archivo desde disco...
ImagenProductoReal: Procesando imagen...
Imagen cargada: 5242880 bytes
ImagenProductoProxy: Guardando imagen en caché...
ImagenProductoReal: Mostrando imagen del producto PROD015
Dimensiones: 1920x1080
ImagenProductoProxy: Acceso #1 registrado
ImagenProductoProxy: Solicitando mostrar imagen...
ImagenProductoProxy: Acceso #2 registrado
ImagenProductoProxy: Verificando permisos de acceso...
ImagenProductoProxy: Iniciando carga lazy de imagen...
ImagenProductoReal: Cargando imagen de alta resolución desde disco...
Ruta: /images/productos/PROD016.jpg
ImagenProductoReal: Leyendo archivo desde disco...
ImagenProductoReal: Procesando imagen...
Imagen cargada: 5242880 bytes
ImagenProductoProxy: Guardando imagen en caché...
ImagenProductoReal: Mostrando imagen del producto PROD016
Dimensiones: 1920x1080
ImagenProductoProxy: Acceso #1 registrado
ImagenProductoProxy: Solicitando mostrar imagen...
ImagenProductoProxy: Acceso #2 registrado
ImagenProductoProxy: Verificando permisos de acceso...
ImagenProductoProxy: Iniciando carga lazy de imagen...
ImagenProductoReal: Cargando imagen de alta resolución desde disco...
Ruta: /images/productos/PROD017.jpg
ImagenProductoReal: Leyendo archivo desde disco...
ImagenProductoReal: Procesando imagen...
Imagen cargada: 5242880 bytes
ImagenProductoProxy: Guardando imagen en caché...
ImagenProductoReal: Mostrando imagen del producto PROD017
Dimensiones: 1920x1080
ImagenProductoProxy: Acceso #1 registrado
ImagenProductoProxy: Solicitando mostrar imagen...
ImagenProductoProxy: Acceso #2 registrado
ImagenProductoProxy: Verificando permisos de acceso...
ImagenProductoProxy: Iniciando carga lazy de imagen...
ImagenProductoReal: Cargando imagen de alta resolución desde disco...
Ruta: /images/productos/PROD018.jpg
ImagenProductoReal: Leyendo archivo desde disco...
ImagenProductoReal: Procesando imagen...
Imagen cargada: 5242880 bytes
ImagenProductoProxy: Guardando imagen en caché...
ImagenProductoReal: Mostrando imagen del producto PROD018
Dimensiones: 1920x1080
ImagenProductoProxy: Acceso #1 registrado
ImagenProductoProxy: Solicitando mostrar imagen...
ImagenProductoProxy: Acceso #2 registrado
ImagenProductoProxy: Verificando permisos de acceso...
ImagenProductoProxy: Iniciando carga lazy de imagen...
ImagenProductoReal: Cargando imagen de alta resolución desde disco...
Ruta: /images/productos/PROD019.jpg
ImagenProductoReal: Leyendo archivo desde disco...
ImagenProductoReal: Procesando imagen...
Imagen cargada: 5242880 bytes
ImagenProductoProxy: Guardando imagen en caché...
ImagenProductoReal: Mostrando imagen del producto PROD019
Dimensiones: 1920x1080
ImagenProductoProxy: Acceso #1 registrado
ImagenProductoProxy: Solicitando mostrar imagen...
ImagenProductoProxy: Acceso #2 registrado
ImagenProductoProxy: Verificando permisos de acceso...
ImagenProductoProxy: Iniciando carga lazy de imagen...
ImagenProductoReal: Cargando imagen de alta resolución desde disco...
Ruta: /images/productos/PROD020.jpg
ImagenProductoReal: Leyendo archivo desde disco...
ImagenProductoReal: Procesando imagen...
Imagen cargada: 5242880 bytes
ImagenProductoProxy: Guardando imagen en caché...
ImagenProductoReal: Mostrando imagen del producto PROD020
Dimensiones: 1920x1080
✓ Lista mostrada en 60637ms (lazy loading)

--- Usuario selecciona producto PROD005 ---
ImagenProductoProxy: Acceso #3 registrado
ImagenProductoProxy: Imagen ya en caché, carga instantánea
ImagenProductoProxy: Acceso #4 registrado
ImagenProductoProxy: Solicitando mostrar imagen...
ImagenProductoProxy: Lectura desde caché en memoria
ImagenProductoProxy: Imagen obtenida desde caché
ImagenProductoProxy: Mostrando miniatura desde proxy

--- Usuario selecciona producto PROD012 ---
ImagenProductoProxy: Acceso #3 registrado
ImagenProductoProxy: Imagen ya en caché, carga instantánea
ImagenProductoProxy: Acceso #4 registrado
ImagenProductoProxy: Solicitando mostrar imagen...
ImagenProductoProxy: Lectura desde caché en memoria
ImagenProductoProxy: Imagen obtenida desde caché
ImagenProductoProxy: Mostrando miniatura desde proxy

--- Usuario vuelve a producto PROD005 (desde caché) ---
ImagenProductoProxy: Acceso #5 registrado
ImagenProductoProxy: Solicitando mostrar imagen...
ImagenProductoProxy: Lectura desde caché en memoria
ImagenProductoProxy: Imagen obtenida desde caché
ImagenProductoProxy: Mostrando miniatura desde proxy

✓ Navegación completada exitosamente
]]></system-out>
  </testcase>
  <testcase name="testGestionMemoriaImagenesGrandes" classname="e2e.Proxy.ProxyE2ETest" time="15.122">
    <system-out><![CDATA[
=== ESCENARIO E2E: GESTIÓN DE MEMORIA ===

Creando catálogo con 50 imágenes de alta resolución...
Producto agregado al catálogo: HD_IMAGE_1
Producto agregado al catálogo: HD_IMAGE_2
Producto agregado al catálogo: HD_IMAGE_3
Producto agregado al catálogo: HD_IMAGE_4
Producto agregado al catálogo: HD_IMAGE_5
Producto agregado al catálogo: HD_IMAGE_6
Producto agregado al catálogo: HD_IMAGE_7
Producto agregado al catálogo: HD_IMAGE_8
Producto agregado al catálogo: HD_IMAGE_9
Producto agregado al catálogo: HD_IMAGE_10
Producto agregado al catálogo: HD_IMAGE_11
Producto agregado al catálogo: HD_IMAGE_12
Producto agregado al catálogo: HD_IMAGE_13
Producto agregado al catálogo: HD_IMAGE_14
Producto agregado al catálogo: HD_IMAGE_15
Producto agregado al catálogo: HD_IMAGE_16
Producto agregado al catálogo: HD_IMAGE_17
Producto agregado al catálogo: HD_IMAGE_18
Producto agregado al catálogo: HD_IMAGE_19
Producto agregado al catálogo: HD_IMAGE_20
Producto agregado al catálogo: HD_IMAGE_21
Producto agregado al catálogo: HD_IMAGE_22
Producto agregado al catálogo: HD_IMAGE_23
Producto agregado al catálogo: HD_IMAGE_24
Producto agregado al catálogo: HD_IMAGE_25
Producto agregado al catálogo: HD_IMAGE_26
Producto agregado al catálogo: HD_IMAGE_27
Producto agregado al catálogo: HD_IMAGE_28
Producto agregado al catálogo: HD_IMAGE_29
Producto agregado al catálogo: HD_IMAGE_30
Producto agregado al catálogo: HD_IMAGE_31
Producto agregado al catálogo: HD_IMAGE_32
Producto agregado al catálogo: HD_IMAGE_33
Producto agregado al catálogo: HD_IMAGE_34
Producto agregado al catálogo: HD_IMAGE_35
Producto agregado al catálogo: HD_IMAGE_36
Producto agregado al catálogo: HD_IMAGE_37
Producto agregado al catálogo: HD_IMAGE_38
Producto agregado al catálogo: HD_IMAGE_39
Producto agregado al catálogo: HD_IMAGE_40
Producto agregado al catálogo: HD_IMAGE_41
Producto agregado al catálogo: HD_IMAGE_42
Producto agregado al catálogo: HD_IMAGE_43
Producto agregado al catálogo: HD_IMAGE_44
Producto agregado al catálogo: HD_IMAGE_45
Producto agregado al catálogo: HD_IMAGE_46
Producto agregado al catálogo: HD_IMAGE_47
Producto agregado al catálogo: HD_IMAGE_48
Producto agregado al catálogo: HD_IMAGE_49
Producto agregado al catálogo: HD_IMAGE_50
✓ 50 productos creados (sin cargar en memoria)

Usuario navega y visualiza solo 5 productos:
- Cargando producto #1
ImagenProductoProxy: Acceso #1 registrado
ImagenProductoProxy: Verificando permisos de acceso...
ImagenProductoProxy: Iniciando carga lazy de imagen...
ImagenProductoReal: Cargando imagen de alta resolución desde disco...
Ruta: /images/productos/HD_IMAGE_1.jpg
ImagenProductoReal: Leyendo archivo desde disco...
ImagenProductoReal: Procesando imagen...
Imagen cargada: 5242880 bytes
ImagenProductoProxy: Guardando imagen en caché...
- Cargando producto #6
ImagenProductoProxy: Acceso #1 registrado
ImagenProductoProxy: Verificando permisos de acceso...
ImagenProductoProxy: Iniciando carga lazy de imagen...
ImagenProductoReal: Cargando imagen de alta resolución desde disco...
Ruta: /images/productos/HD_IMAGE_6.jpg
ImagenProductoReal: Leyendo archivo desde disco...
ImagenProductoReal: Procesando imagen...
Imagen cargada: 5242880 bytes
ImagenProductoProxy: Guardando imagen en caché...
- Cargando producto #13
ImagenProductoProxy: Acceso #1 registrado
ImagenProductoProxy: Verificando permisos de acceso...
ImagenProductoProxy: Iniciando carga lazy de imagen...
ImagenProductoReal: Cargando imagen de alta resolución desde disco...
Ruta: /images/productos/HD_IMAGE_13.jpg
ImagenProductoReal: Leyendo archivo desde disco...
ImagenProductoReal: Procesando imagen...
Imagen cargada: 5242880 bytes
ImagenProductoProxy: Guardando imagen en caché...
- Cargando producto #24
ImagenProductoProxy: Acceso #1 registrado
ImagenProductoProxy: Verificando permisos de acceso...
ImagenProductoProxy: Iniciando carga lazy de imagen...
ImagenProductoReal: Cargando imagen de alta resolución desde disco...
Ruta: /images/productos/HD_IMAGE_24.jpg
ImagenProductoReal: Leyendo archivo desde disco...
ImagenProductoReal: Procesando imagen...
Imagen cargada: 5242880 bytes
ImagenProductoProxy: Guardando imagen en caché...
- Cargando producto #46
ImagenProductoProxy: Acceso #1 registrado
ImagenProductoProxy: Verificando permisos de acceso...
ImagenProductoProxy: Iniciando carga lazy de imagen...
ImagenProductoReal: Cargando imagen de alta resolución desde disco...
Ruta: /images/productos/HD_IMAGE_46.jpg
ImagenProductoReal: Leyendo archivo desde disco...
ImagenProductoReal: Procesando imagen...
Imagen cargada: 5242880 bytes
ImagenProductoProxy: Guardando imagen en caché...

Estadísticas de memoria:
Total de productos: 50
Imágenes cargadas en memoria: 5
Ahorro de memoria: 90%
✓ Gestión de memoria optimizada
]]></system-out>
  </testcase>
  <testcase name="testLimpiezaCacheYRecarga" classname="e2e.Proxy.ProxyE2ETest" time="6163.476">
    <system-out><![CDATA[
=== ESCENARIO E2E: LIMPIEZA DE CACHÉ ===

Cargando productos iniciales...
Producto agregado al catálogo: IMG001
Producto agregado al catálogo: IMG002
Producto agregado al catálogo: IMG003

Cargando todas las imágenes en caché...
ImagenProductoProxy: Acceso #1 registrado
ImagenProductoProxy: Verificando permisos de acceso...
ImagenProductoProxy: Iniciando carga lazy de imagen...
ImagenProductoReal: Cargando imagen de alta resolución desde disco...
Ruta: /images/productos/IMG001.jpg
ImagenProductoReal: Leyendo archivo desde disco...
ImagenProductoReal: Procesando imagen...
Imagen cargada: 5242880 bytes
ImagenProductoProxy: Guardando imagen en caché...
ImagenProductoProxy: Acceso #1 registrado
ImagenProductoProxy: Verificando permisos de acceso...
ImagenProductoProxy: Iniciando carga lazy de imagen...
ImagenProductoReal: Cargando imagen de alta resolución desde disco...
Ruta: /images/productos/IMG002.jpg
ImagenProductoReal: Leyendo archivo desde disco...
ImagenProductoReal: Procesando imagen...
Imagen cargada: 5242880 bytes
ImagenProductoProxy: Guardando imagen en caché...
ImagenProductoProxy: Acceso #1 registrado
ImagenProductoProxy: Verificando permisos de acceso...
ImagenProductoProxy: Iniciando carga lazy de imagen...
ImagenProductoReal: Cargando imagen de alta resolución desde disco...
Ruta: /images/productos/IMG003.jpg
ImagenProductoReal: Leyendo archivo desde disco...
ImagenProductoReal: Procesando imagen...
Imagen cargada: 5242880 bytes
ImagenProductoProxy: Guardando imagen en caché...
Verificando caché...
ImagenProductoProxy: Lectura desde caché en memoria
ImagenProductoProxy: Lectura desde caché en memoria
ImagenProductoProxy: Lectura desde caché en memoria
✓ Todas las imágenes en caché

Limpiando caché...
ImagenProductoProxy: Limpiando caché...
ImagenProductoProxy: Limpiando caché...
ImagenProductoProxy: Limpiando caché...
Verificando limpieza...
✓ Caché limpiado exitosamente

Recargando imagen...
ImagenProductoProxy: Acceso #2 registrado
ImagenProductoProxy: Verificando permisos de acceso...
ImagenProductoProxy: Iniciando carga lazy de imagen...
ImagenProductoReal: Cargando imagen de alta resolución desde disco...
Ruta: /images/productos/IMG001.jpg
ImagenProductoReal: Leyendo archivo desde disco...
ImagenProductoReal: Procesando imagen...
Imagen cargada: 5242880 bytes
ImagenProductoProxy: Guardando imagen en caché...
ImagenProductoProxy: Lectura desde caché en memoria
✓ Imagen recargada correctamente
]]></system-out>
  </testcase>
  <testcase name="testFlujoCompletoEcommerce" classname="e2e.Proxy.ProxyE2ETest" time="16.343">
    <system-out><![CDATA[
=== ESCENARIO E2E: FLUJO COMPLETO E-COMMERCE ===

PASO 1: Usuario accede a tienda online
Cargando catálogo principal...
Producto agregado al catálogo: Electrónica_PROD_1
Producto agregado al catálogo: Ropa_PROD_2
Producto agregado al catálogo: Hogar_PROD_3
Producto agregado al catálogo: Deportes_PROD_4
Producto agregado al catálogo: Electrónica_PROD_5
Producto agregado al catálogo: Ropa_PROD_6
Producto agregado al catálogo: Hogar_PROD_7
Producto agregado al catálogo: Deportes_PROD_8
Producto agregado al catálogo: Electrónica_PROD_9
Producto agregado al catálogo: Ropa_PROD_10
Producto agregado al catálogo: Hogar_PROD_11
Producto agregado al catálogo: Deportes_PROD_12
Producto agregado al catálogo: Electrónica_PROD_13
Producto agregado al catálogo: Ropa_PROD_14
Producto agregado al catálogo: Hogar_PROD_15
Producto agregado al catálogo: Deportes_PROD_16
Producto agregado al catálogo: Electrónica_PROD_17
Producto agregado al catálogo: Ropa_PROD_18
Producto agregado al catálogo: Hogar_PROD_19
Producto agregado al catálogo: Deportes_PROD_20
✓ Catálogo cargado: 20 productos

PASO 2: Usuario filtra categoría 'Electrónica'
Mostrando productos de Electrónica...
ImagenProductoProxy: Acceso #1 registrado
ImagenProductoProxy: Solicitando mostrar imagen...
ImagenProductoProxy: Acceso #2 registrado
ImagenProductoProxy: Verificando permisos de acceso...
ImagenProductoProxy: Iniciando carga lazy de imagen...
ImagenProductoReal: Cargando imagen de alta resolución desde disco...
Ruta: /images/productos/Electrónica_PROD_1.jpg
ImagenProductoReal: Leyendo archivo desde disco...
ImagenProductoReal: Procesando imagen...
Imagen cargada: 5242880 bytes
ImagenProductoProxy: Guardando imagen en caché...
ImagenProductoReal: Mostrando imagen del producto Electrónica_PROD_1
Dimensiones: 1920x1080
ImagenProductoProxy: Acceso #1 registrado
ImagenProductoProxy: Solicitando mostrar imagen...
ImagenProductoProxy: Acceso #2 registrado
ImagenProductoProxy: Verificando permisos de acceso...
ImagenProductoProxy: Iniciando carga lazy de imagen...
ImagenProductoReal: Cargando imagen de alta resolución desde disco...
Ruta: /images/productos/Electrónica_PROD_5.jpg
ImagenProductoReal: Leyendo archivo desde disco...
ImagenProductoReal: Procesando imagen...
Imagen cargada: 5242880 bytes
ImagenProductoProxy: Guardando imagen en caché...
ImagenProductoReal: Mostrando imagen del producto Electrónica_PROD_5
Dimensiones: 1920x1080
ImagenProductoProxy: Acceso #1 registrado
ImagenProductoProxy: Solicitando mostrar imagen...
ImagenProductoProxy: Acceso #2 registrado
ImagenProductoProxy: Verificando permisos de acceso...
ImagenProductoProxy: Iniciando carga lazy de imagen...
ImagenProductoReal: Cargando imagen de alta resolución desde disco...
Ruta: /images/productos/Electrónica_PROD_9.jpg
ImagenProductoReal: Leyendo archivo desde disco...
ImagenProductoReal: Procesando imagen...
Imagen cargada: 5242880 bytes
ImagenProductoProxy: Guardando imagen en caché...
ImagenProductoReal: Mostrando imagen del producto Electrónica_PROD_9
Dimensiones: 1920x1080
ImagenProductoProxy: Acceso #1 registrado
ImagenProductoProxy: Solicitando mostrar imagen...
ImagenProductoProxy: Acceso #2 registrado
ImagenProductoProxy: Verificando permisos de acceso...
ImagenProductoProxy: Iniciando carga lazy de imagen...
ImagenProductoReal: Cargando imagen de alta resolución desde disco...
Ruta: /images/productos/Electrónica_PROD_13.jpg
ImagenProductoReal: Leyendo archivo desde disco...
ImagenProductoReal: Procesando imagen...
Imagen cargada: 5242880 bytes
ImagenProductoProxy: Guardando imagen en caché...
ImagenProductoReal: Mostrando imagen del producto Electrónica_PROD_13
Dimensiones: 1920x1080
ImagenProductoProxy: Acceso #1 registrado
ImagenProductoProxy: Solicitando mostrar imagen...
ImagenProductoProxy: Acceso #2 registrado
ImagenProductoProxy: Verificando permisos de acceso...
ImagenProductoProxy: Iniciando carga lazy de imagen...
ImagenProductoReal: Cargando imagen de alta resolución desde disco...
Ruta: /images/productos/Electrónica_PROD_17.jpg
ImagenProductoReal: Leyendo archivo desde disco...
ImagenProductoReal: Procesando imagen...
Imagen cargada: 5242880 bytes
ImagenProductoProxy: Guardando imagen en caché...
ImagenProductoReal: Mostrando imagen del producto Electrónica_PROD_17
Dimensiones: 1920x1080

PASO 3: Usuario ve detalles de producto
Cargando imagen en alta resolución...
ImagenProductoProxy: Acceso #3 registrado
ImagenProductoProxy: Imagen ya en caché, carga instantánea
ImagenProductoProxy: Acceso #4 registrado
ImagenProductoProxy: Solicitando mostrar imagen...
ImagenProductoProxy: Lectura desde caché en memoria
ImagenProductoProxy: Imagen obtenida desde caché
ImagenProductoProxy: Mostrando miniatura desde proxy

PASO 4: Usuario compara productos
Comparando producto #1
ImagenProductoProxy: Acceso #5 registrado
ImagenProductoProxy: Solicitando mostrar imagen...
ImagenProductoProxy: Lectura desde caché en memoria
ImagenProductoProxy: Imagen obtenida desde caché
ImagenProductoProxy: Mostrando miniatura desde proxy
Comparando producto #5
ImagenProductoProxy: Acceso #3 registrado
ImagenProductoProxy: Solicitando mostrar imagen...
ImagenProductoProxy: Lectura desde caché en memoria
ImagenProductoProxy: Imagen obtenida desde caché
ImagenProductoProxy: Mostrando miniatura desde proxy
Comparando producto #9
ImagenProductoProxy: Acceso #3 registrado
ImagenProductoProxy: Solicitando mostrar imagen...
ImagenProductoProxy: Lectura desde caché en memoria
ImagenProductoProxy: Imagen obtenida desde caché
ImagenProductoProxy: Mostrando miniatura desde proxy

PASO 5: Usuario vuelve al primer producto
(Carga instantánea desde caché)
ImagenProductoProxy: Acceso #6 registrado
ImagenProductoProxy: Solicitando mostrar imagen...
ImagenProductoProxy: Lectura desde caché en memoria
ImagenProductoProxy: Imagen obtenida desde caché
ImagenProductoProxy: Mostrando miniatura desde proxy
Tiempo de carga: 0ms

--- ESTADÍSTICAS FINALES ---
Total productos en catálogo: 20
Productos cargados en memoria: 5
Eficiencia de memoria: 75% de ahorro

✓ Flujo E-Commerce completado exitosamente
]]></system-out>
  </testcase>
  <testcase name="testControlAccesoYAuditoria" classname="e2e.Proxy.ProxyE2ETest" time="3.159">
    <system-out><![CDATA[
=== ESCENARIO E2E: CONTROL DE ACCESO Y AUDITORÍA ===

Producto agregado al catálogo: CONFIDENCIAL
Producto confidencial agregado al sistema...

Simulando accesos de usuario...

--- Acceso #1 ---
ImagenProductoProxy: Acceso #1 registrado
ImagenProductoProxy: Solicitando mostrar imagen...
ImagenProductoProxy: Acceso #2 registrado
ImagenProductoProxy: Verificando permisos de acceso...
ImagenProductoProxy: Iniciando carga lazy de imagen...
ImagenProductoReal: Cargando imagen de alta resolución desde disco...
Ruta: /images/productos/CONFIDENCIAL.jpg
ImagenProductoReal: Leyendo archivo desde disco...
ImagenProductoReal: Procesando imagen...
Imagen cargada: 5242880 bytes
ImagenProductoProxy: Guardando imagen en caché...
ImagenProductoReal: Mostrando imagen del producto CONFIDENCIAL
Dimensiones: 1920x1080

--- Acceso #2 ---
ImagenProductoProxy: Acceso #3 registrado
ImagenProductoProxy: Imagen ya en caché, carga instantánea

--- Acceso #3 ---
ImagenProductoProxy: Acceso #4 registrado
ImagenProductoProxy: Solicitando mostrar imagen...
ImagenProductoProxy: Lectura desde caché en memoria
ImagenProductoProxy: Imagen obtenida desde caché
ImagenProductoProxy: Mostrando miniatura desde proxy

--- Reporte de Auditoría ---
Total de accesos registrados: 4
✓ Sistema de auditoría funcionando correctamente
]]></system-out>
  </testcase>
  <testcase name="testUsuarioBuscaYVisualizaProducto" classname="e2e.Proxy.ProxyE2ETest" time="3.267">
    <system-out><![CDATA[
=== ESCENARIO E2E: BÚSQUEDA Y VISUALIZACIÓN ===

Preparando catálogo...
Producto agregado al catálogo: Laptop
Producto agregado al catálogo: Mouse
Producto agregado al catálogo: Teclado
Producto agregado al catálogo: Monitor
Producto agregado al catálogo: Webcam

Usuario busca 'Monitor'...

--- Primera visualización (carga desde disco) ---
ImagenProductoProxy: Acceso #1 registrado
ImagenProductoProxy: Solicitando mostrar imagen...
ImagenProductoProxy: Acceso #2 registrado
ImagenProductoProxy: Verificando permisos de acceso...
ImagenProductoProxy: Iniciando carga lazy de imagen...
ImagenProductoReal: Cargando imagen de alta resolución desde disco...
Ruta: /images/productos/Monitor.jpg
ImagenProductoReal: Leyendo archivo desde disco...
ImagenProductoReal: Procesando imagen...
Imagen cargada: 5242880 bytes
ImagenProductoProxy: Guardando imagen en caché...
ImagenProductoReal: Mostrando imagen del producto Monitor
Dimensiones: 1920x1080

--- Segunda visualización (desde caché) ---
ImagenProductoProxy: Acceso #3 registrado
ImagenProductoProxy: Solicitando mostrar imagen...
ImagenProductoProxy: Lectura desde caché en memoria
ImagenProductoProxy: Imagen obtenida desde caché
ImagenProductoProxy: Mostrando miniatura desde proxy

Comparación de tiempos:
Primera carga: 3137ms
Segunda carga: 0ms
✓ Caché funcionando correctamente
]]></system-out>
  </testcase>
  <testcase name="testCargaInicialRapida" classname="e2e.Proxy.ProxyE2ETest" time="0.129">
    <system-out><![CDATA[
=== ESCENARIO E2E: CARGA INICIAL RÁPIDA ===

Simulando carga de catálogo grande...
Producto agregado al catálogo: IMG0001
Producto agregado al catálogo: IMG0002
Producto agregado al catálogo: IMG0003
Producto agregado al catálogo: IMG0004
Producto agregado al catálogo: IMG0005
Producto agregado al catálogo: IMG0006
Producto agregado al catálogo: IMG0007
Producto agregado al catálogo: IMG0008
Producto agregado al catálogo: IMG0009
Producto agregado al catálogo: IMG0010
Producto agregado al catálogo: IMG0011
Producto agregado al catálogo: IMG0012
Producto agregado al catálogo: IMG0013
Producto agregado al catálogo: IMG0014
Producto agregado al catálogo: IMG0015
Producto agregado al catálogo: IMG0016
Producto agregado al catálogo: IMG0017
Producto agregado al catálogo: IMG0018
Producto agregado al catálogo: IMG0019
Producto agregado al catálogo: IMG0020
Producto agregado al catálogo: IMG0021
Producto agregado al catálogo: IMG0022
Producto agregado al catálogo: IMG0023
Producto agregado al catálogo: IMG0024
Producto agregado al catálogo: IMG0025
Producto agregado al catálogo: IMG0026
Producto agregado al catálogo: IMG0027
Producto agregado al catálogo: IMG0028
Producto agregado al catálogo: IMG0029
Producto agregado al catálogo: IMG0030
Producto agregado al catálogo: IMG0031
Producto agregado al catálogo: IMG0032
Producto agregado al catálogo: IMG0033
Producto agregado al catálogo: IMG0034
Producto agregado al catálogo: IMG0035
Producto agregado al catálogo: IMG0036
Producto agregado al catálogo: IMG0037
Producto agregado al catálogo: IMG0038
Producto agregado al catálogo: IMG0039
Producto agregado al catálogo: IMG0040
Producto agregado al catálogo: IMG0041
Producto agregado al catálogo: IMG0042
Producto agregado al catálogo: IMG0043
Producto agregado al catálogo: IMG0044
Producto agregado al catálogo: IMG0045
Producto agregado al catálogo: IMG0046
Producto agregado al catálogo: IMG0047
Producto agregado al catálogo: IMG0048
Producto agregado al catálogo: IMG0049
Producto agregado al catálogo: IMG0050
Producto agregado al catálogo: IMG0051
Producto agregado al catálogo: IMG0052
Producto agregado al catálogo: IMG0053
Producto agregado al catálogo: IMG0054
Producto agregado al catálogo: IMG0055
Producto agregado al catálogo: IMG0056
Producto agregado al catálogo: IMG0057
Producto agregado al catálogo: IMG0058
Producto agregado al catálogo: IMG0059
Producto agregado al catálogo: IMG0060
Producto agregado al catálogo: IMG0061
Producto agregado al catálogo: IMG0062
Producto agregado al catálogo: IMG0063
Producto agregado al catálogo: IMG0064
Producto agregado al catálogo: IMG0065
Producto agregado al catálogo: IMG0066
Producto agregado al catálogo: IMG0067
Producto agregado al catálogo: IMG0068
Producto agregado al catálogo: IMG0069
Producto agregado al catálogo: IMG0070
Producto agregado al catálogo: IMG0071
Producto agregado al catálogo: IMG0072
Producto agregado al catálogo: IMG0073
Producto agregado al catálogo: IMG0074
Producto agregado al catálogo: IMG0075
Producto agregado al catálogo: IMG0076
Producto agregado al catálogo: IMG0077
Producto agregado al catálogo: IMG0078
Producto agregado al catálogo: IMG0079
Producto agregado al catálogo: IMG0080
Producto agregado al catálogo: IMG0081
Producto agregado al catálogo: IMG0082
Producto agregado al catálogo: IMG0083
Producto agregado al catálogo: IMG0084
Producto agregado al catálogo: IMG0085
Producto agregado al catálogo: IMG0086
Producto agregado al catálogo: IMG0087
Producto agregado al catálogo: IMG0088
Producto agregado al catálogo: IMG0089
Producto agregado al catálogo: IMG0090
Producto agregado al catálogo: IMG0091
Producto agregado al catálogo: IMG0092
Producto agregado al catálogo: IMG0093
Producto agregado al catálogo: IMG0094
Producto agregado al catálogo: IMG0095
Producto agregado al catálogo: IMG0096
Producto agregado al catálogo: IMG0097
Producto agregado al catálogo: IMG0098
Producto agregado al catálogo: IMG0099
Producto agregado al catálogo: IMG0100
Tiempo de carga de 100 productos: 63ms
✓ Carga inicial optimizada con Proxy
]]></system-out>
  </testcase>
</testsuite>