<?xml version="1.0" encoding="UTF-8"?>
<testsuite xmlns:xsi="http://www.w3.org/2001/XMLSchema-instance" xsi:noNamespaceSchemaLocation="https://maven.apache.org/surefire/maven-surefire-plugin/xsd/surefire-test-report-3.0.xsd" version="3.0" name="e2e.CoR.ChainOfResponsibilityE2ETest" time="3.654" tests="7" errors="0" skipped="0" failures="0">
  <properties>
[...]
</properties>
  <testcase name="testClienteUsaCuponPrimeraCompra" classname="e2e.CoR.ChainOfResponsibilityE2ETest" time="0.01">
    <system-out><![CDATA[
=== ESCENARIO E2E: CUPÓN PRIMERA COMPRA ===

Cliente nuevo recibe cupón: PRIMERACOMPRA (20% descuento)
Realiza compra por $120,000
Aplica el cupón en el checkout

Procesando solicitud de descuento...

═══ PROCESANDO SOLICITUD DE DESCUENTO ═══
Cliente: CLI-NUEVO-002
Monto: $120000,00
Cantidad: 6

Iniciando evaluación en la cadena...

→ Verificando cupón de descuento...
  ✓ Cupón 'PRIMERACOMPRA' aplicado: 20% de descuento

═══ RESULTADO ═══
✓ Cupón 'PRIMERACOMPRA' aplicado: 20% de descuento
Descuento: $24000,00

══════════════════════════════════════════════════
RESULTADO DEL CHECKOUT
══════════════════════════════════════════════════
Subtotal: $120,000
Descuento (20%): -$24000,00
TOTAL A PAGAR: $96000,00
══════════════════════════════════════════════════

✓ Cliente ahorró $24,000 con el cupón
]]></system-out>
  </testcase>
  <testcase name="testDiaCompletoVentas" classname="e2e.CoR.ChainOfResponsibilityE2ETest" time="2.053">
    <system-out><![CDATA[
=== ESCENARIO E2E: DÍA COMPLETO DE VENTAS ===

Supermercado 'El Ahorro' - Resumen del día

9:00 AM - Venta #1: Cliente nuevo

═══ PROCESANDO SOLICITUD DE DESCUENTO ═══
Cliente: CLI-001
Monto: $45000,00
Cantidad: 4

Iniciando evaluación en la cadena...

→ Verificando cupón de descuento...
  ✗ No se proporcionó cupón
→ Verificando descuento por cliente frecuente...
  ✗ No califica (compras mínimas: 5)
→ Verificando descuento por monto...
  ✗ No califica (monto mínimo: $100000)
→ Verificando descuento por cantidad...
  ✗ No califica (cantidad mínima: 10)

═══ RESULTADO ═══
✗ No hay más manejadores en la cadena
Total: $45,000 (sin descuento)

10:30 AM - Venta #2: Cliente con cupón

═══ PROCESANDO SOLICITUD DE DESCUENTO ═══
Cliente: CLI-002
Monto: $120000,00
Cantidad: 5

Iniciando evaluación en la cadena...

→ Verificando cupón de descuento...
  ✓ Cupón 'VERANO2024' aplicado: 15% de descuento

═══ RESULTADO ═══
✓ Cupón 'VERANO2024' aplicado: 15% de descuento
Descuento: $18000,00
Total: $120,000 - Descuento: $18000,00

12:00 PM - Venta #3: Cliente frecuente

═══ PROCESANDO SOLICITUD DE DESCUENTO ═══
Cliente: CLI-003
Monto: $95000,00
Cantidad: 6

Iniciando evaluación en la cadena...

→ Verificando cupón de descuento...
  ✗ No se proporcionó cupón
→ Verificando descuento por cliente frecuente...
  ✓ Descuento cliente frecuente aplicado: 15% (8 compras)

═══ RESULTADO ═══
✓ Descuento cliente frecuente: 15% por tener 8 compras
Descuento: $14250,00
Total: $95,000 - Descuento: $14250,00

2:00 PM - Venta #4: Compra grande

═══ PROCESANDO SOLICITUD DE DESCUENTO ═══
Cliente: CLI-004
Monto: $250000,00
Cantidad: 8

Iniciando evaluación en la cadena...

→ Verificando cupón de descuento...
  ✗ No se proporcionó cupón
→ Verificando descuento por cliente frecuente...
  ✗ No califica (compras mínimas: 5)
→ Verificando descuento por monto...
  ✓ Descuento por monto aplicado: 10% (compra >= $100000)

═══ RESULTADO ═══
✓ Descuento por monto: 10% por compras sobre $100000
Descuento: $25000,00
Total: $250,000 - Descuento: $25000,00

4:00 PM - Venta #5: Cliente mayorista

═══ PROCESANDO SOLICITUD DE DESCUENTO ═══
Cliente: CLI-005
Monto: $500000,00
Cantidad: 35

Iniciando evaluación en la cadena...

→ Verificando cupón de descuento...
  ✗ No se proporcionó cupón
→ Verificando descuento por cliente frecuente...
  ✗ No califica (compras mínimas: 5)
→ Verificando descuento por monto...
  ✓ Descuento por monto aplicado: 10% (compra >= $100000)

═══ RESULTADO ═══
✓ Descuento por monto: 10% por compras sobre $100000
Descuento: $50000,00
Total: $500,000 - Descuento: $50000,00

══════════════════════════════════════════════════
RESUMEN DEL DÍA
══════════════════════════════════════════════════
Total de ventas: 5
Ventas con descuento: 4
Ventas sin descuento: 1
Total bruto: $1010000,00
Total descuentos: $107250,00
Total neto: $902750,00
Tasa de descuento promedio: 10,62%
══════════════════════════════════════════════════

✓ Sistema procesó todas las ventas correctamente
]]></system-out>
  </testcase>
  <testcase name="testClienteNuevoPrimeraCompra" classname="e2e.CoR.ChainOfResponsibilityE2ETest" time="0.006">
    <system-out><![CDATA[
=== ESCENARIO E2E: CLIENTE NUEVO - PRIMERA COMPRA ===

Cliente nuevo visita el supermercado por primera vez
Selecciona productos por un valor de $85,000
Cantidad: 8 productos

Procesando solicitud de descuento...

═══ PROCESANDO SOLICITUD DE DESCUENTO ═══
Cliente: CLI-NUEVO-001
Monto: $85000,00
Cantidad: 8

Iniciando evaluación en la cadena...

→ Verificando cupón de descuento...
  ✗ No se proporcionó cupón
→ Verificando descuento por cliente frecuente...
  ✗ No califica (compras mínimas: 5)
→ Verificando descuento por monto...
  ✗ No califica (monto mínimo: $100000)
→ Verificando descuento por cantidad...
  ✗ No califica (cantidad mínima: 10)

═══ RESULTADO ═══
✗ No hay más manejadores en la cadena

══════════════════════════════════════════════════
Resultado: SIN DESCUENTO
Total a pagar: $85,000
══════════════════════════════════════════════════

✓ Cliente puede continuar con la compra sin descuento
]]></system-out>
  </testcase>
  <testcase name="testClienteFrecuenteSinCupon" classname="e2e.CoR.ChainOfResponsibilityE2ETest" time="0.006">
    <system-out><![CDATA[
=== ESCENARIO E2E: CLIENTE FRECUENTE ===

Cliente María González
- Número de compras previas: 12
- Estado: Cliente Frecuente VIP

Realiza nueva compra por $95,000
No tiene cupón activo

Sistema verifica beneficios del cliente...

═══ PROCESANDO SOLICITUD DE DESCUENTO ═══
Cliente: CLI-MARIA-001
Monto: $95000,00
Cantidad: 7

Iniciando evaluación en la cadena...

→ Verificando cupón de descuento...
  ✗ No se proporcionó cupón
→ Verificando descuento por cliente frecuente...
  ✓ Descuento cliente frecuente aplicado: 15% (12 compras)

═══ RESULTADO ═══
✓ Descuento cliente frecuente: 15% por tener 12 compras
Descuento: $14250,00

══════════════════════════════════════════════════
BENEFICIO CLIENTE FRECUENTE APLICADO
══════════════════════════════════════════════════
Subtotal: $95,000
Descuento VIP (15%): -$14250,00
TOTAL A PAGAR: $80750,00

¡Gracias por su preferencia!
══════════════════════════════════════════════════

✓ Cliente frecuente recibió su beneficio automáticamente
]]></system-out>
  </testcase>
  <testcase name="testBlackFriday" classname="e2e.CoR.ChainOfResponsibilityE2ETest" time="0.005">
    <system-out><![CDATA[
=== ESCENARIO E2E: BLACK FRIDAY ===

╔════════════════════════════════════════════╗
║        BLACK FRIDAY - 50% DESCUENTO        ║
║    Usa el cupón: BLACKFRIDAY               ║
╚════════════════════════════════════════════╝

Cliente Juan Pérez aprovecha la promoción
Carrito de compras:
- Smart TV 55": $1,800,000
- Soundbar: $400,000
- Cable HDMI: $50,000

Total del carrito: $2250000

Cliente aplica cupón BLACKFRIDAY...

═══ PROCESANDO SOLICITUD DE DESCUENTO ═══
Cliente: CLI-JUAN-001
Monto: $2250000,00
Cantidad: 3

Iniciando evaluación en la cadena...

→ Verificando cupón de descuento...
  ✓ Cupón 'BLACKFRIDAY' aplicado: 50% de descuento

═══ RESULTADO ═══
✓ Cupón 'BLACKFRIDAY' aplicado: 50% de descuento
Descuento: $1125000,00

══════════════════════════════════════════════════
BLACK FRIDAY - DESCUENTO APLICADO
══════════════════════════════════════════════════
Subtotal: $2250000
BLACK FRIDAY (50%): -$1125000
TOTAL A PAGAR: $1125000
AHORRASTE: $1125000
══════════════════════════════════════════════════

✓ Cliente aprovechó el máximo descuento posible
]]></system-out>
  </testcase>
  <testcase name="testCompraAlPorMayor" classname="e2e.CoR.ChainOfResponsibilityE2ETest" time="0.005">
    <system-out><![CDATA[
=== ESCENARIO E2E: COMPRA AL POR MAYOR ===

Tienda 'Minimarket El Ahorro' realiza pedido mayorista
Productos solicitados: 50 unidades de diferentes artículos
Valor total del pedido: $850,000

Sistema evalúa descuentos aplicables...

═══ PROCESANDO SOLICITUD DE DESCUENTO ═══
Cliente: CLI-MAYORISTA-001
Monto: $850000,00
Cantidad: 50

Iniciando evaluación en la cadena...

→ Verificando cupón de descuento...
  ✗ No se proporcionó cupón
→ Verificando descuento por cliente frecuente...
  ✗ No califica (compras mínimas: 5)
→ Verificando descuento por monto...
  ✓ Descuento por monto aplicado: 10% (compra >= $100000)

═══ RESULTADO ═══
✓ Descuento por monto: 10% por compras sobre $100000
Descuento: $85000,00

══════════════════════════════════════════════════
DESCUENTO POR CANTIDAD APLICADO
══════════════════════════════════════════════════
Subtotal: $850,000
Descuento por cantidad (5%): -$85000,00
TOTAL A PAGAR: $765000,00

Beneficio por compra de 50+ unidades
══════════════════════════════════════════════════

✓ Descuento por volumen aplicado correctamente
]]></system-out>
  </testcase>
  <testcase name="testClienteIndecisoVariosEscenarios" classname="e2e.CoR.ChainOfResponsibilityE2ETest" time="1.549">
    <system-out><![CDATA[
=== ESCENARIO E2E: CLIENTE INDECISO ===

Cliente Ana Martínez está comparando opciones de compra

──────────────────────────────────────────────────
OPCIÓN 1: Compra sin beneficios
──────────────────────────────────────────────────

═══ PROCESANDO SOLICITUD DE DESCUENTO ═══
Cliente: CLI-ANA-001
Monto: $180000,00
Cantidad: 6

Iniciando evaluación en la cadena...

→ Verificando cupón de descuento...
  ✗ No se proporcionó cupón
→ Verificando descuento por cliente frecuente...
  ✗ No califica (compras mínimas: 5)
→ Verificando descuento por monto...
  ✓ Descuento por monto aplicado: 10% (compra >= $100000)

═══ RESULTADO ═══
✓ Descuento por monto: 10% por compras sobre $100000
Descuento: $18000,00
Total a pagar: $162000,00

──────────────────────────────────────────────────
OPCIÓN 2: Usando cupón BIENVENIDO (10%)
──────────────────────────────────────────────────

═══ PROCESANDO SOLICITUD DE DESCUENTO ═══
Cliente: CLI-ANA-001
Monto: $180000,00
Cantidad: 6

Iniciando evaluación en la cadena...

→ Verificando cupón de descuento...
  ✓ Cupón 'BIENVENIDO' aplicado: 10% de descuento

═══ RESULTADO ═══
✓ Cupón 'BIENVENIDO' aplicado: 10% de descuento
Descuento: $18000,00
Total a pagar: $162000,00
Ahorro: $18000,00

──────────────────────────────────────────────────
OPCIÓN 3: Usando cupón VERANO2024 (15%)
──────────────────────────────────────────────────

═══ PROCESANDO SOLICITUD DE DESCUENTO ═══
Cliente: CLI-ANA-001
Monto: $180000,00
Cantidad: 6

Iniciando evaluación en la cadena...

→ Verificando cupón de descuento...
  ✓ Cupón 'VERANO2024' aplicado: 15% de descuento

═══ RESULTADO ═══
✓ Cupón 'VERANO2024' aplicado: 15% de descuento
Descuento: $27000,00
Total a pagar: $153000,00
Ahorro: $27000,00

──────────────────────────────────────────────────
OPCIÓN 4: Comprando 15 unidades (desc. cantidad)
──────────────────────────────────────────────────

═══ PROCESANDO SOLICITUD DE DESCUENTO ═══
Cliente: CLI-ANA-001
Monto: $180000,00
Cantidad: 15

Iniciando evaluación en la cadena...

→ Verificando cupón de descuento...
  ✗ No se proporcionó cupón
→ Verificando descuento por cliente frecuente...
  ✗ No califica (compras mínimas: 5)
→ Verificando descuento por monto...
  ✓ Descuento por monto aplicado: 10% (compra >= $100000)

═══ RESULTADO ═══
✓ Descuento por monto: 10% por compras sobre $100000
Descuento: $18000,00
Total a pagar: $162000,00
Ahorro: $18000,00

══════════════════════════════════════════════════
COMPARACIÓN FINAL
══════════════════════════════════════════════════
Opción 1 (sin desc.): $162000,00
Opción 2 (BIENVENIDO): $162000,00
Opción 3 (VERANO2024): $153000,00 ← MEJOR OPCIÓN
Opción 4 (cantidad): $162000,00
══════════════════════════════════════════════════

Cliente elige OPCIÓN 3: Cupón VERANO2024
Ahorro total: $27000,00

✓ Cliente tomó la mejor decisión financiera
]]></system-out>
  </testcase>
</testsuite>