<?xml version="1.0" encoding="UTF-8"?>
<testsuite xmlns:xsi="http://www.w3.org/2001/XMLSchema-instance" xsi:noNamespaceSchemaLocation="https://maven.apache.org/surefire/maven-surefire-plugin/xsd/surefire-test-report-3.0.xsd" version="3.0" name="e2e.Strategy.StrategyE2ETest" time="0.05" tests="7" errors="0" skipped="0" failures="0">
  <properties>
[...]
</properties>
  <testcase name="testFlujoCompletoCompra" classname="e2e.Strategy.StrategyE2ETest" time="0.018">
    <system-out><![CDATA[
=== ESCENARIO E2E: FLUJO COMPLETO DE COMPRA ===

PASO 1: Cliente selecciona productos
- Producto A: $200
- Producto B: $150
- Producto C: $50

Subtotal: $400,00

--------------------------------------------------
PASO 2: Descuentos disponibles
--------------------------------------------------
A) Cupón 15% de descuento
B) Promoción 2x1 (50% desc)
C) Compra 3 y paga 2 (33% desc)

PASO 3: Cliente analiza opciones...
Opción A (15%): $340,00
Opción B (2x1): $200,00
Opción C (3x2): $268,00

PASO 4: Cliente selecciona promoción 2x1
Estrategia de descuento aplicada

══════════════════════════════════════════════════
PASO 5: RESUMEN DE COMPRA
══════════════════════════════════════════════════
Subtotal: $400,00
Descuento aplicado: -$200,00
TOTAL A PAGAR: $200,00
══════════════════════════════════════════════════

✓ Compra finalizada con éxito
✓ Cliente ahorró $200 usando la mejor estrategia
]]></system-out>
  </testcase>
  <testcase name="testBlackFriday" classname="e2e.Strategy.StrategyE2ETest" time="0.005">
    <system-out><![CDATA[
=== ESCENARIO E2E: BLACK FRIDAY ===

EVENTO: Black Friday - Mega Descuentos

Total de compra: $2000,00

Aplicando descuento Black Friday: 50% OFF
Estrategia de descuento aplicada

══════════════════════════════════════════════════
Total original: $2000,00
BLACK FRIDAY 50% OFF: -$1000,00
TOTAL A PAGAR: $1000,00
══════════════════════════════════════════════════

✓ ¡Aprovecha esta oferta increíble!
]]></system-out>
  </testcase>
  <testcase name="testClienteComparaEstrategias" classname="e2e.Strategy.StrategyE2ETest" time="0.004">
    <system-out><![CDATA[
=== ESCENARIO E2E: CLIENTE COMPARA ESTRATEGIAS ===

Total de compra: $1000,00

Cliente tiene varias opciones de descuento:

1. Cupón 10% descuento: $900,00 (ahorro: $100,00)
2. Cupón 15% descuento: $850,00 (ahorro: $150,00)
3. Promoción 2x1: $500,00 (ahorro: $500,00)

══════════════════════════════════════════════════
MEJOR OPCIÓN: Promoción 2x1
Total a pagar: $500,00
══════════════════════════════════════════════════

✓ Cliente eligió la mejor estrategia
]]></system-out>
  </testcase>
  <testcase name="testCambioEstrategia" classname="e2e.Strategy.StrategyE2ETest" time="0.003">
    <system-out><![CDATA[
=== ESCENARIO E2E: CAMBIO DE ESTRATEGIA ===

Total de compra: $500,00

1. Cliente aplica cupón del 10%
Estrategia de descuento aplicada
   Total con 10%: $450,00

2. Cliente encuentra cupón del 20%
Estrategia de descuento aplicada
   Total con 20%: $400,00 (mejor opción!)

3. Cliente ve promoción 2x1 en algunos productos
Estrategia de descuento aplicada
   Total con 2x1: $250,00 (¡MEJOR!)

══════════════════════════════════════════════════
ESTRATEGIA FINAL ELEGIDA: 2x1
Total a pagar: $250,00
Ahorro máximo: $250,00
══════════════════════════════════════════════════

✓ Cliente optimizó su ahorro cambiando estrategias
]]></system-out>
  </testcase>
  <testcase name="testClienteVIP" classname="e2e.Strategy.StrategyE2ETest" time="0.003">
    <system-out><![CDATA[
=== ESCENARIO E2E: CLIENTE VIP ===

Cliente VIP realiza compra grande:
- Smart TV 55': $1,500
- Soundbar: $300
- Soporte: $50

Total de compra: $1850,00

Descuento VIP: 25%
Estrategia de descuento aplicada

══════════════════════════════════════════════════
Total original: $1850,00
Descuento VIP (25%): -$462,50
TOTAL A PAGAR: $1387,50
══════════════════════════════════════════════════

✓ Beneficio VIP aplicado exitosamente
]]></system-out>
  </testcase>
  <testcase name="testPromocion2x1" classname="e2e.Strategy.StrategyE2ETest" time="0.002">
    <system-out><![CDATA[
=== ESCENARIO E2E: PROMOCIÓN 2x1 ===

Cliente compra 2 productos iguales:
- 2x Shampoo ($10 c/u) = $20

Promoción 2x1 aplicada: Paga 1, lleva 2
Estrategia de descuento aplicada

══════════════════════════════════════════════════
Precio normal 2 productos: $20,00
Con promoción 2x1: $10,00
Ahorro: $10,00 (50%)
══════════════════════════════════════════════════

✓ Promoción aplicada exitosamente
]]></system-out>
  </testcase>
  <testcase name="testCompraConDescuentoPorcentaje" classname="e2e.Strategy.StrategyE2ETest" time="0.002">
    <system-out><![CDATA[
=== ESCENARIO E2E: COMPRA CON DESCUENTO PORCENTAJE ===

Cliente agrega productos al carrito:
- Laptop: $800
- Mouse: $25
- Teclado: $75

Total de compra: $900,00

Cliente aplica cupón de descuento del 15%
Estrategia de descuento aplicada

══════════════════════════════════════════════════
Total original: $900,00
Descuento (15%): -$135,00
TOTAL A PAGAR: $765,00
══════════════════════════════════════════════════

✓ Compra completada exitosamente
]]></system-out>
  </testcase>
</testsuite>